2025-03-12 13:41:18.155 +03:00 [INF] Starting compiler v1.0.32.0. . .
2025-03-12 13:41:18.165 +03:00 [INF] Minimal logging level is set to Debug
2025-03-12 13:41:18.168 +03:00 [INF] Watching parent process ([12680] RustDedicated) for shutdown
2025-03-12 13:41:18.168 +03:00 [DBG] Started message server. . .
2025-03-12 13:41:18.168 +03:00 [INF] Message server has started
2025-03-12 13:41:20.174 +03:00 [INF] Sent ready message to parent process
2025-03-12 13:41:20.175 +03:00 [DBG] Compiler has started successfully and is awaiting jobs. . .
2025-03-12 13:41:20.255 +03:00 [DBG] Received compile job 0 | Plugins: 3, References: 55
2025-03-12 13:41:21.185 +03:00 [INF] Starting compilation of job 0 | Total Plugins: 3
2025-03-12 13:41:21.185 +03:00 [DBG] Settings[Encoding: utf-8, CSVersion: Preview, Target: DynamicallyLinkedLibrary, Platform: AnyCpu, StdLib: False, Debug: False, Preprocessor: OXIDE, OXIDEMOD, RUST, RUST_MASTER, RUST_2_0_6377, RUST_2_0_6377_MASTER, OXIDE_PUBLICIZED]
Reference Files:
  - [1] mscorlib.dll(4631552)
  - [2] Oxide.Core.dll(201728)
  - [3] Oxide.CSharp.dll(104960)
  - [4] Oxide.Common.dll(22528)
  - [5] System.dll(2639360)
  - [6] System.Core.dll(1113088)
  - [7] System.Data.dll(2081280)
  - [8] System.Xml.dll(3160064)
  - [9] Oxide.References.dll(1419264)
  - [10] Oxide.MySql.dll(20480)
  - [11] MySql.Data.dll(443392)
  - [12] Oxide.SQLite.dll(20992)
  - [13] System.Data.SQLite.dll(286720)
  - [14] Oxide.Unity.dll(10240)
  - [15] UnityEngine.dll(125120)
  - [16] Oxide.Rust.dll(98816)
  - [17] Assembly-CSharp.dll(6613504)
  - [18] Facepunch.System.dll(73216)
  - [19] Facepunch.Console.dll(24064)
  - [20] UnityEngine.CoreModule.dll(1387200)
  - [21] Facepunch.Network.dll(68096)
  - [22] Rust.Platform.Common.dll(23040)
  - [23] UnityEngine.TextRenderingModule.dll(37568)
  - [24] UnityEngine.UI.dll(240640)
  - [25] Rust.Data.dll(1305088)
  - [26] Rust.Global.dll(91136)
  - [27] Facepunch.Steamworks.Win64.dll(625664)
  - [28] Facepunch.UnityEngine.dll(120320)
  - [29] Assembly-CSharp-firstpass.dll(1707008)
  - [30] Facepunch.Unity.dll(76800)
  - [31] 0Harmony.dll(2193920)
  - [32] Rust.FileSystem.dll(18944)
  - [33] Rust.Clans.dll(12288)
  - [34] Rust.Clans.Local.dll(59392)
  - [35] Rust.Localization.dll(5632)
  - [36] Rust.Platform.dll(7168)
  - [37] Rust.Platform.Steam.dll(30720)
  - [38] Rust.Workshop.dll(538624)
  - [39] Rust.World.dll(11776)
  - [40] System.Drawing.dll(481280)
  - [41] UnityEngine.AIModule.dll(57024)
  - [42] UnityEngine.AssetBundleModule.dll(31424)
  - [43] UnityEngine.GridModule.dll(23744)
  - [44] UnityEngine.ImageConversionModule.dll(22720)
  - [45] UnityEngine.PhysicsModule.dll(136896)
  - [46] UnityEngine.TerrainModule.dll(99520)
  - [47] UnityEngine.TerrainPhysicsModule.dll(19648)
  - [48] UnityEngine.UIModule.dll(35008)
  - [49] UnityEngine.UIElementsModule.dll(1533120)
  - [50] UnityEngine.UnityWebRequestAudioModule.dll(21184)
  - [51] UnityEngine.UnityWebRequestModule.dll(56512)
  - [52] UnityEngine.UnityWebRequestTextureModule.dll(20160)
  - [53] UnityEngine.UnityWebRequestWWWModule.dll(29888)
  - [54] UnityEngine.VehiclesModule.dll(22720)
  - [55] netstandard.dll(90112)
Plugin Files:
  - [1] CultistTrader.cs(17632)
  - [2] NpcSpawn.cs(135037)
  - [3] WelcomeMessage.cs(669)
2025-03-12 13:41:21.200 +03:00 [DBG] Added 55 project references
2025-03-12 13:41:21.238 +03:00 [DBG] Added 3 plugins to the project
2025-03-12 13:41:21.608 +03:00 [INF] Successfully compiled 3/3 plugins for job 0 in 423ms
2025-03-12 13:41:21.608 +03:00 [DBG] Pushing job 0 back to parent
2025-03-12 13:42:14.788 +03:00 [INF] Termination request has been received from compiler stream
2025-03-12 13:42:14.945 +03:00 [INF] Termination request has been received from SIGTERM
2025-03-12 13:45:18.646 +03:00 [INF] Starting compiler v1.0.32.0. . .
2025-03-12 13:45:18.657 +03:00 [INF] Minimal logging level is set to Debug
2025-03-12 13:45:18.660 +03:00 [INF] Watching parent process ([12680] RustDedicated) for shutdown
2025-03-12 13:45:18.661 +03:00 [DBG] Started message server. . .
2025-03-12 13:45:18.661 +03:00 [INF] Message server has started
2025-03-12 13:45:20.677 +03:00 [INF] Sent ready message to parent process
2025-03-12 13:45:20.677 +03:00 [DBG] Compiler has started successfully and is awaiting jobs. . .
2025-03-12 13:45:20.749 +03:00 [DBG] Received compile job 1 | Plugins: 1, References: 55
2025-03-12 13:45:21.690 +03:00 [INF] Starting compilation of job 1 | Total Plugins: 1
2025-03-12 13:45:21.691 +03:00 [DBG] Settings[Encoding: utf-8, CSVersion: Preview, Target: DynamicallyLinkedLibrary, Platform: AnyCpu, StdLib: False, Debug: False, Preprocessor: OXIDE, OXIDEMOD, RUST, RUST_MASTER, RUST_2_0_6377, RUST_2_0_6377_MASTER, OXIDE_PUBLICIZED]
Reference Files:
  - [1] mscorlib.dll(4631552)
  - [2] Oxide.Core.dll(201728)
  - [3] Oxide.CSharp.dll(104960)
  - [4] Oxide.Common.dll(22528)
  - [5] System.dll(2639360)
  - [6] System.Core.dll(1113088)
  - [7] System.Data.dll(2081280)
  - [8] System.Xml.dll(3160064)
  - [9] Oxide.References.dll(1419264)
  - [10] Oxide.MySql.dll(20480)
  - [11] MySql.Data.dll(443392)
  - [12] Oxide.SQLite.dll(20992)
  - [13] System.Data.SQLite.dll(286720)
  - [14] Oxide.Unity.dll(10240)
  - [15] UnityEngine.dll(125120)
  - [16] Oxide.Rust.dll(98816)
  - [17] Assembly-CSharp.dll(6613504)
  - [18] Facepunch.System.dll(73216)
  - [19] Facepunch.Console.dll(24064)
  - [20] UnityEngine.CoreModule.dll(1387200)
  - [21] Facepunch.Network.dll(68096)
  - [22] Rust.Platform.Common.dll(23040)
  - [23] UnityEngine.TextRenderingModule.dll(37568)
  - [24] UnityEngine.UI.dll(240640)
  - [25] Rust.Data.dll(1305088)
  - [26] Rust.Global.dll(91136)
  - [27] Facepunch.Steamworks.Win64.dll(625664)
  - [28] Facepunch.UnityEngine.dll(120320)
  - [29] Assembly-CSharp-firstpass.dll(1707008)
  - [30] Facepunch.Unity.dll(76800)
  - [31] 0Harmony.dll(2193920)
  - [32] Rust.FileSystem.dll(18944)
  - [33] Rust.Clans.dll(12288)
  - [34] Rust.Clans.Local.dll(59392)
  - [35] Rust.Localization.dll(5632)
  - [36] Rust.Platform.dll(7168)
  - [37] Rust.Platform.Steam.dll(30720)
  - [38] Rust.Workshop.dll(538624)
  - [39] Rust.World.dll(11776)
  - [40] System.Drawing.dll(481280)
  - [41] UnityEngine.AIModule.dll(57024)
  - [42] UnityEngine.AssetBundleModule.dll(31424)
  - [43] UnityEngine.GridModule.dll(23744)
  - [44] UnityEngine.ImageConversionModule.dll(22720)
  - [45] UnityEngine.PhysicsModule.dll(136896)
  - [46] UnityEngine.TerrainModule.dll(99520)
  - [47] UnityEngine.TerrainPhysicsModule.dll(19648)
  - [48] UnityEngine.UIModule.dll(35008)
  - [49] UnityEngine.UIElementsModule.dll(1533120)
  - [50] UnityEngine.UnityWebRequestAudioModule.dll(21184)
  - [51] UnityEngine.UnityWebRequestModule.dll(56512)
  - [52] UnityEngine.UnityWebRequestTextureModule.dll(20160)
  - [53] UnityEngine.UnityWebRequestWWWModule.dll(29888)
  - [54] UnityEngine.VehiclesModule.dll(22720)
  - [55] netstandard.dll(90112)
Plugin Files:
  - [1] CultistTrader — копия.cs(17632)
2025-03-12 13:45:21.706 +03:00 [DBG] Added 55 project references
2025-03-12 13:45:21.734 +03:00 [DBG] Added 1 plugins to the project
2025-03-12 13:45:22.049 +03:00 [INF] Successfully compiled 1/1 plugins for job 1 in 359ms
2025-03-12 13:45:22.049 +03:00 [DBG] Pushing job 1 back to parent
2025-03-12 13:45:32.270 +03:00 [DBG] Received compile job 2 | Plugins: 1, References: 55
2025-03-12 13:45:33.173 +03:00 [INF] Starting compilation of job 2 | Total Plugins: 1
2025-03-12 13:45:33.173 +03:00 [DBG] Settings[Encoding: utf-8, CSVersion: Preview, Target: DynamicallyLinkedLibrary, Platform: AnyCpu, StdLib: False, Debug: False, Preprocessor: OXIDE, OXIDEMOD, RUST, RUST_MASTER, RUST_2_0_6377, RUST_2_0_6377_MASTER, OXIDE_PUBLICIZED]
Reference Files:
  - [1] mscorlib.dll(4631552)
  - [2] Oxide.Core.dll(201728)
  - [3] Oxide.CSharp.dll(104960)
  - [4] Oxide.Common.dll(22528)
  - [5] System.dll(2639360)
  - [6] System.Core.dll(1113088)
  - [7] System.Data.dll(2081280)
  - [8] System.Xml.dll(3160064)
  - [9] Oxide.References.dll(1419264)
  - [10] Oxide.MySql.dll(20480)
  - [11] MySql.Data.dll(443392)
  - [12] Oxide.SQLite.dll(20992)
  - [13] System.Data.SQLite.dll(286720)
  - [14] Oxide.Unity.dll(10240)
  - [15] UnityEngine.dll(125120)
  - [16] Oxide.Rust.dll(98816)
  - [17] Assembly-CSharp.dll(6613504)
  - [18] Facepunch.System.dll(73216)
  - [19] Facepunch.Console.dll(24064)
  - [20] UnityEngine.CoreModule.dll(1387200)
  - [21] Facepunch.Network.dll(68096)
  - [22] Rust.Platform.Common.dll(23040)
  - [23] UnityEngine.TextRenderingModule.dll(37568)
  - [24] UnityEngine.UI.dll(240640)
  - [25] Rust.Data.dll(1305088)
  - [26] Rust.Global.dll(91136)
  - [27] Facepunch.Steamworks.Win64.dll(625664)
  - [28] Facepunch.UnityEngine.dll(120320)
  - [29] Assembly-CSharp-firstpass.dll(1707008)
  - [30] Facepunch.Unity.dll(76800)
  - [31] 0Harmony.dll(2193920)
  - [32] Rust.FileSystem.dll(18944)
  - [33] Rust.Clans.dll(12288)
  - [34] Rust.Clans.Local.dll(59392)
  - [35] Rust.Localization.dll(5632)
  - [36] Rust.Platform.dll(7168)
  - [37] Rust.Platform.Steam.dll(30720)
  - [38] Rust.Workshop.dll(538624)
  - [39] Rust.World.dll(11776)
  - [40] System.Drawing.dll(481280)
  - [41] UnityEngine.AIModule.dll(57024)
  - [42] UnityEngine.AssetBundleModule.dll(31424)
  - [43] UnityEngine.GridModule.dll(23744)
  - [44] UnityEngine.ImageConversionModule.dll(22720)
  - [45] UnityEngine.PhysicsModule.dll(136896)
  - [46] UnityEngine.TerrainModule.dll(99520)
  - [47] UnityEngine.TerrainPhysicsModule.dll(19648)
  - [48] UnityEngine.UIModule.dll(35008)
  - [49] UnityEngine.UIElementsModule.dll(1533120)
  - [50] UnityEngine.UnityWebRequestAudioModule.dll(21184)
  - [51] UnityEngine.UnityWebRequestModule.dll(56512)
  - [52] UnityEngine.UnityWebRequestTextureModule.dll(20160)
  - [53] UnityEngine.UnityWebRequestWWWModule.dll(29888)
  - [54] UnityEngine.VehiclesModule.dll(22720)
  - [55] netstandard.dll(90112)
Plugin Files:
  - [1] PluginManager.cs(17632)
2025-03-12 13:45:33.183 +03:00 [DBG] Added 55 project references
2025-03-12 13:45:33.185 +03:00 [DBG] Added 1 plugins to the project
2025-03-12 13:45:33.302 +03:00 [INF] Successfully compiled 1/1 plugins for job 2 in 129ms
2025-03-12 13:45:33.302 +03:00 [DBG] Pushing job 2 back to parent
2025-03-12 13:46:34.231 +03:00 [DBG] Received compile job 3 | Plugins: 1, References: 55
2025-03-12 13:46:35.034 +03:00 [INF] Starting compilation of job 3 | Total Plugins: 1
2025-03-12 13:46:35.034 +03:00 [DBG] Settings[Encoding: utf-8, CSVersion: Preview, Target: DynamicallyLinkedLibrary, Platform: AnyCpu, StdLib: False, Debug: False, Preprocessor: OXIDE, OXIDEMOD, RUST, RUST_MASTER, RUST_2_0_6377, RUST_2_0_6377_MASTER, OXIDE_PUBLICIZED]
Reference Files:
  - [1] mscorlib.dll(4631552)
  - [2] Oxide.Core.dll(201728)
  - [3] Oxide.CSharp.dll(104960)
  - [4] Oxide.Common.dll(22528)
  - [5] System.dll(2639360)
  - [6] System.Core.dll(1113088)
  - [7] System.Data.dll(2081280)
  - [8] System.Xml.dll(3160064)
  - [9] Oxide.References.dll(1419264)
  - [10] Oxide.MySql.dll(20480)
  - [11] MySql.Data.dll(443392)
  - [12] Oxide.SQLite.dll(20992)
  - [13] System.Data.SQLite.dll(286720)
  - [14] Oxide.Unity.dll(10240)
  - [15] UnityEngine.dll(125120)
  - [16] Oxide.Rust.dll(98816)
  - [17] Assembly-CSharp.dll(6613504)
  - [18] Facepunch.System.dll(73216)
  - [19] Facepunch.Console.dll(24064)
  - [20] UnityEngine.CoreModule.dll(1387200)
  - [21] Facepunch.Network.dll(68096)
  - [22] Rust.Platform.Common.dll(23040)
  - [23] UnityEngine.TextRenderingModule.dll(37568)
  - [24] UnityEngine.UI.dll(240640)
  - [25] Rust.Data.dll(1305088)
  - [26] Rust.Global.dll(91136)
  - [27] Facepunch.Steamworks.Win64.dll(625664)
  - [28] Facepunch.UnityEngine.dll(120320)
  - [29] Assembly-CSharp-firstpass.dll(1707008)
  - [30] Facepunch.Unity.dll(76800)
  - [31] 0Harmony.dll(2193920)
  - [32] Rust.FileSystem.dll(18944)
  - [33] Rust.Clans.dll(12288)
  - [34] Rust.Clans.Local.dll(59392)
  - [35] Rust.Localization.dll(5632)
  - [36] Rust.Platform.dll(7168)
  - [37] Rust.Platform.Steam.dll(30720)
  - [38] Rust.Workshop.dll(538624)
  - [39] Rust.World.dll(11776)
  - [40] System.Drawing.dll(481280)
  - [41] UnityEngine.AIModule.dll(57024)
  - [42] UnityEngine.AssetBundleModule.dll(31424)
  - [43] UnityEngine.GridModule.dll(23744)
  - [44] UnityEngine.ImageConversionModule.dll(22720)
  - [45] UnityEngine.PhysicsModule.dll(136896)
  - [46] UnityEngine.TerrainModule.dll(99520)
  - [47] UnityEngine.TerrainPhysicsModule.dll(19648)
  - [48] UnityEngine.UIModule.dll(35008)
  - [49] UnityEngine.UIElementsModule.dll(1533120)
  - [50] UnityEngine.UnityWebRequestAudioModule.dll(21184)
  - [51] UnityEngine.UnityWebRequestModule.dll(56512)
  - [52] UnityEngine.UnityWebRequestTextureModule.dll(20160)
  - [53] UnityEngine.UnityWebRequestWWWModule.dll(29888)
  - [54] UnityEngine.VehiclesModule.dll(22720)
  - [55] netstandard.dll(90112)
Plugin Files:
  - [1] PluginManager.cs(1955)
2025-03-12 13:46:35.045 +03:00 [DBG] Added 55 project references
2025-03-12 13:46:35.045 +03:00 [DBG] Added 1 plugins to the project
2025-03-12 13:46:35.091 +03:00 [WRN] Failed to compile PluginManager.cs - The type or namespace name 'CuiElementContainer' could not be found (are you missing a using directive or an assembly reference?) (L: 35 | P: 13) | Removing from project
2025-03-12 13:46:35.092 +03:00 [ERR] Failed to compile job 3 in 58ms
2025-03-12 13:46:35.092 +03:00 [DBG] Pushing job 3 back to parent
2025-03-12 13:46:44.021 +03:00 [DBG] Received compile job 4 | Plugins: 1, References: 55
2025-03-12 13:46:44.157 +03:00 [INF] Starting compilation of job 4 | Total Plugins: 1
2025-03-12 13:46:44.158 +03:00 [DBG] Settings[Encoding: utf-8, CSVersion: Preview, Target: DynamicallyLinkedLibrary, Platform: AnyCpu, StdLib: False, Debug: False, Preprocessor: OXIDE, OXIDEMOD, RUST, RUST_MASTER, RUST_2_0_6377, RUST_2_0_6377_MASTER, OXIDE_PUBLICIZED]
Reference Files:
  - [1] mscorlib.dll(4631552)
  - [2] Oxide.Core.dll(201728)
  - [3] Oxide.CSharp.dll(104960)
  - [4] Oxide.Common.dll(22528)
  - [5] System.dll(2639360)
  - [6] System.Core.dll(1113088)
  - [7] System.Data.dll(2081280)
  - [8] System.Xml.dll(3160064)
  - [9] Oxide.References.dll(1419264)
  - [10] Oxide.MySql.dll(20480)
  - [11] MySql.Data.dll(443392)
  - [12] Oxide.SQLite.dll(20992)
  - [13] System.Data.SQLite.dll(286720)
  - [14] Oxide.Unity.dll(10240)
  - [15] UnityEngine.dll(125120)
  - [16] Oxide.Rust.dll(98816)
  - [17] Assembly-CSharp.dll(6613504)
  - [18] Facepunch.System.dll(73216)
  - [19] Facepunch.Console.dll(24064)
  - [20] UnityEngine.CoreModule.dll(1387200)
  - [21] Facepunch.Network.dll(68096)
  - [22] Rust.Platform.Common.dll(23040)
  - [23] UnityEngine.TextRenderingModule.dll(37568)
  - [24] UnityEngine.UI.dll(240640)
  - [25] Rust.Data.dll(1305088)
  - [26] Rust.Global.dll(91136)
  - [27] Facepunch.Steamworks.Win64.dll(625664)
  - [28] Facepunch.UnityEngine.dll(120320)
  - [29] Assembly-CSharp-firstpass.dll(1707008)
  - [30] Facepunch.Unity.dll(76800)
  - [31] 0Harmony.dll(2193920)
  - [32] Rust.FileSystem.dll(18944)
  - [33] Rust.Clans.dll(12288)
  - [34] Rust.Clans.Local.dll(59392)
  - [35] Rust.Localization.dll(5632)
  - [36] Rust.Platform.dll(7168)
  - [37] Rust.Platform.Steam.dll(30720)
  - [38] Rust.Workshop.dll(538624)
  - [39] Rust.World.dll(11776)
  - [40] System.Drawing.dll(481280)
  - [41] UnityEngine.AIModule.dll(57024)
  - [42] UnityEngine.AssetBundleModule.dll(31424)
  - [43] UnityEngine.GridModule.dll(23744)
  - [44] UnityEngine.ImageConversionModule.dll(22720)
  - [45] UnityEngine.PhysicsModule.dll(136896)
  - [46] UnityEngine.TerrainModule.dll(99520)
  - [47] UnityEngine.TerrainPhysicsModule.dll(19648)
  - [48] UnityEngine.UIModule.dll(35008)
  - [49] UnityEngine.UIElementsModule.dll(1533120)
  - [50] UnityEngine.UnityWebRequestAudioModule.dll(21184)
  - [51] UnityEngine.UnityWebRequestModule.dll(56512)
  - [52] UnityEngine.UnityWebRequestTextureModule.dll(20160)
  - [53] UnityEngine.UnityWebRequestWWWModule.dll(29888)
  - [54] UnityEngine.VehiclesModule.dll(22720)
  - [55] netstandard.dll(90112)
Plugin Files:
  - [1] PluginManager.cs(1952)
2025-03-12 13:46:44.163 +03:00 [DBG] Added 55 project references
2025-03-12 13:46:44.163 +03:00 [DBG] Added 1 plugins to the project
2025-03-12 13:46:44.190 +03:00 [WRN] Failed to compile PluginManager.cs - The type or namespace name 'CuiElementContainer' could not be found (are you missing a using directive or an assembly reference?) (L: 35 | P: 13) | Removing from project
2025-03-12 13:46:44.190 +03:00 [ERR] Failed to compile job 4 in 32ms
2025-03-12 13:46:44.190 +03:00 [DBG] Pushing job 4 back to parent
2025-03-12 13:47:44.240 +03:00 [INF] Termination request has been received from compiler stream
2025-03-12 13:47:44.725 +03:00 [INF] Termination request has been received from SIGTERM
2025-03-12 13:48:21.804 +03:00 [INF] Starting compiler v1.0.32.0. . .
2025-03-12 13:48:21.817 +03:00 [INF] Minimal logging level is set to Debug
2025-03-12 13:48:21.820 +03:00 [INF] Watching parent process ([12680] RustDedicated) for shutdown
2025-03-12 13:48:21.821 +03:00 [DBG] Started message server. . .
2025-03-12 13:48:21.821 +03:00 [INF] Message server has started
2025-03-12 13:48:23.829 +03:00 [INF] Sent ready message to parent process
2025-03-12 13:48:23.830 +03:00 [DBG] Compiler has started successfully and is awaiting jobs. . .
2025-03-12 13:48:23.870 +03:00 [DBG] Received compile job 5 | Plugins: 1, References: 55
2025-03-12 13:48:24.843 +03:00 [INF] Starting compilation of job 5 | Total Plugins: 1
2025-03-12 13:48:24.843 +03:00 [DBG] Settings[Encoding: utf-8, CSVersion: Preview, Target: DynamicallyLinkedLibrary, Platform: AnyCpu, StdLib: False, Debug: False, Preprocessor: OXIDE, OXIDEMOD, RUST, RUST_MASTER, RUST_2_0_6377, RUST_2_0_6377_MASTER, OXIDE_PUBLICIZED]
Reference Files:
  - [1] mscorlib.dll(4631552)
  - [2] Oxide.Core.dll(201728)
  - [3] Oxide.CSharp.dll(104960)
  - [4] Oxide.Common.dll(22528)
  - [5] System.dll(2639360)
  - [6] System.Core.dll(1113088)
  - [7] System.Data.dll(2081280)
  - [8] System.Xml.dll(3160064)
  - [9] Oxide.References.dll(1419264)
  - [10] Oxide.MySql.dll(20480)
  - [11] MySql.Data.dll(443392)
  - [12] Oxide.SQLite.dll(20992)
  - [13] System.Data.SQLite.dll(286720)
  - [14] Oxide.Unity.dll(10240)
  - [15] UnityEngine.dll(125120)
  - [16] Oxide.Rust.dll(98816)
  - [17] Assembly-CSharp.dll(6613504)
  - [18] Facepunch.System.dll(73216)
  - [19] Facepunch.Console.dll(24064)
  - [20] UnityEngine.CoreModule.dll(1387200)
  - [21] Facepunch.Network.dll(68096)
  - [22] Rust.Platform.Common.dll(23040)
  - [23] UnityEngine.TextRenderingModule.dll(37568)
  - [24] UnityEngine.UI.dll(240640)
  - [25] Rust.Data.dll(1305088)
  - [26] Rust.Global.dll(91136)
  - [27] Facepunch.Steamworks.Win64.dll(625664)
  - [28] Facepunch.UnityEngine.dll(120320)
  - [29] Assembly-CSharp-firstpass.dll(1707008)
  - [30] Facepunch.Unity.dll(76800)
  - [31] 0Harmony.dll(2193920)
  - [32] Rust.FileSystem.dll(18944)
  - [33] Rust.Clans.dll(12288)
  - [34] Rust.Clans.Local.dll(59392)
  - [35] Rust.Localization.dll(5632)
  - [36] Rust.Platform.dll(7168)
  - [37] Rust.Platform.Steam.dll(30720)
  - [38] Rust.Workshop.dll(538624)
  - [39] Rust.World.dll(11776)
  - [40] System.Drawing.dll(481280)
  - [41] UnityEngine.AIModule.dll(57024)
  - [42] UnityEngine.AssetBundleModule.dll(31424)
  - [43] UnityEngine.GridModule.dll(23744)
  - [44] UnityEngine.ImageConversionModule.dll(22720)
  - [45] UnityEngine.PhysicsModule.dll(136896)
  - [46] UnityEngine.TerrainModule.dll(99520)
  - [47] UnityEngine.TerrainPhysicsModule.dll(19648)
  - [48] UnityEngine.UIModule.dll(35008)
  - [49] UnityEngine.UIElementsModule.dll(1533120)
  - [50] UnityEngine.UnityWebRequestAudioModule.dll(21184)
  - [51] UnityEngine.UnityWebRequestModule.dll(56512)
  - [52] UnityEngine.UnityWebRequestTextureModule.dll(20160)
  - [53] UnityEngine.UnityWebRequestWWWModule.dll(29888)
  - [54] UnityEngine.VehiclesModule.dll(22720)
  - [55] netstandard.dll(90112)
Plugin Files:
  - [1] PluginManager.cs(1769)
2025-03-12 13:48:24.858 +03:00 [DBG] Added 55 project references
2025-03-12 13:48:24.878 +03:00 [DBG] Added 1 plugins to the project
2025-03-12 13:48:25.112 +03:00 [INF] Successfully compiled 1/1 plugins for job 5 in 269ms
2025-03-12 13:48:25.113 +03:00 [DBG] Pushing job 5 back to parent
2025-03-12 13:48:37.495 +03:00 [DBG] Received compile job 6 | Plugins: 1, References: 55
2025-03-12 13:48:38.207 +03:00 [INF] Starting compilation of job 6 | Total Plugins: 1
2025-03-12 13:48:38.208 +03:00 [DBG] Settings[Encoding: utf-8, CSVersion: Preview, Target: DynamicallyLinkedLibrary, Platform: AnyCpu, StdLib: False, Debug: False, Preprocessor: OXIDE, OXIDEMOD, RUST, RUST_MASTER, RUST_2_0_6377, RUST_2_0_6377_MASTER, OXIDE_PUBLICIZED]
Reference Files:
  - [1] mscorlib.dll(4631552)
  - [2] Oxide.Core.dll(201728)
  - [3] Oxide.CSharp.dll(104960)
  - [4] Oxide.Common.dll(22528)
  - [5] System.dll(2639360)
  - [6] System.Core.dll(1113088)
  - [7] System.Data.dll(2081280)
  - [8] System.Xml.dll(3160064)
  - [9] Oxide.References.dll(1419264)
  - [10] Oxide.MySql.dll(20480)
  - [11] MySql.Data.dll(443392)
  - [12] Oxide.SQLite.dll(20992)
  - [13] System.Data.SQLite.dll(286720)
  - [14] Oxide.Unity.dll(10240)
  - [15] UnityEngine.dll(125120)
  - [16] Oxide.Rust.dll(98816)
  - [17] Assembly-CSharp.dll(6613504)
  - [18] Facepunch.System.dll(73216)
  - [19] Facepunch.Console.dll(24064)
  - [20] UnityEngine.CoreModule.dll(1387200)
  - [21] Facepunch.Network.dll(68096)
  - [22] Rust.Platform.Common.dll(23040)
  - [23] UnityEngine.TextRenderingModule.dll(37568)
  - [24] UnityEngine.UI.dll(240640)
  - [25] Rust.Data.dll(1305088)
  - [26] Rust.Global.dll(91136)
  - [27] Facepunch.Steamworks.Win64.dll(625664)
  - [28] Facepunch.UnityEngine.dll(120320)
  - [29] Assembly-CSharp-firstpass.dll(1707008)
  - [30] Facepunch.Unity.dll(76800)
  - [31] 0Harmony.dll(2193920)
  - [32] Rust.FileSystem.dll(18944)
  - [33] Rust.Clans.dll(12288)
  - [34] Rust.Clans.Local.dll(59392)
  - [35] Rust.Localization.dll(5632)
  - [36] Rust.Platform.dll(7168)
  - [37] Rust.Platform.Steam.dll(30720)
  - [38] Rust.Workshop.dll(538624)
  - [39] Rust.World.dll(11776)
  - [40] System.Drawing.dll(481280)
  - [41] UnityEngine.AIModule.dll(57024)
  - [42] UnityEngine.AssetBundleModule.dll(31424)
  - [43] UnityEngine.GridModule.dll(23744)
  - [44] UnityEngine.ImageConversionModule.dll(22720)
  - [45] UnityEngine.PhysicsModule.dll(136896)
  - [46] UnityEngine.TerrainModule.dll(99520)
  - [47] UnityEngine.TerrainPhysicsModule.dll(19648)
  - [48] UnityEngine.UIModule.dll(35008)
  - [49] UnityEngine.UIElementsModule.dll(1533120)
  - [50] UnityEngine.UnityWebRequestAudioModule.dll(21184)
  - [51] UnityEngine.UnityWebRequestModule.dll(56512)
  - [52] UnityEngine.UnityWebRequestTextureModule.dll(20160)
  - [53] UnityEngine.UnityWebRequestWWWModule.dll(29888)
  - [54] UnityEngine.VehiclesModule.dll(22720)
  - [55] netstandard.dll(90112)
Plugin Files:
  - [1] PluginManager.cs(1766)
2025-03-12 13:48:38.222 +03:00 [DBG] Added 55 project references
2025-03-12 13:48:38.223 +03:00 [DBG] Added 1 plugins to the project
2025-03-12 13:48:38.259 +03:00 [INF] Successfully compiled 1/1 plugins for job 6 in 51ms
2025-03-12 13:48:38.259 +03:00 [DBG] Pushing job 6 back to parent
2025-03-12 13:49:38.306 +03:00 [INF] Termination request has been received from compiler stream
2025-03-12 13:49:38.770 +03:00 [INF] Termination request has been received from SIGTERM
2025-03-12 16:33:23.584 +03:00 [INF] Starting compiler v1.0.32.0. . .
2025-03-12 16:33:23.596 +03:00 [INF] Minimal logging level is set to Debug
2025-03-12 16:33:23.599 +03:00 [INF] Watching parent process ([5380] RustDedicated) for shutdown
2025-03-12 16:33:23.599 +03:00 [DBG] Started message server. . .
2025-03-12 16:33:23.600 +03:00 [INF] Message server has started
2025-03-12 16:33:25.616 +03:00 [INF] Sent ready message to parent process
2025-03-12 16:33:25.617 +03:00 [DBG] Compiler has started successfully and is awaiting jobs. . .
2025-03-12 16:33:25.697 +03:00 [DBG] Received compile job 0 | Plugins: 4, References: 55
2025-03-12 16:33:26.630 +03:00 [INF] Starting compilation of job 0 | Total Plugins: 4
2025-03-12 16:33:26.630 +03:00 [DBG] Settings[Encoding: utf-8, CSVersion: Preview, Target: DynamicallyLinkedLibrary, Platform: AnyCpu, StdLib: False, Debug: False, Preprocessor: OXIDE, OXIDEMOD, RUST, RUST_MASTER, RUST_2_0_6408, RUST_2_0_6408_MASTER, OXIDE_PUBLICIZED]
Reference Files:
  - [1] mscorlib.dll(4631552)
  - [2] Oxide.Core.dll(201728)
  - [3] Oxide.CSharp.dll(104960)
  - [4] Oxide.Common.dll(22528)
  - [5] System.dll(2639360)
  - [6] System.Core.dll(1113088)
  - [7] System.Data.dll(2081280)
  - [8] System.Xml.dll(3160064)
  - [9] Oxide.References.dll(1419264)
  - [10] Oxide.MySql.dll(20480)
  - [11] MySql.Data.dll(443392)
  - [12] Oxide.SQLite.dll(20992)
  - [13] System.Data.SQLite.dll(286720)
  - [14] Oxide.Unity.dll(10240)
  - [15] UnityEngine.dll(125120)
  - [16] Oxide.Rust.dll(98816)
  - [17] Assembly-CSharp.dll(6778368)
  - [18] Facepunch.System.dll(73216)
  - [19] Facepunch.Console.dll(24576)
  - [20] UnityEngine.CoreModule.dll(1387200)
  - [21] Facepunch.Network.dll(72192)
  - [22] Rust.Platform.Common.dll(23552)
  - [23] UnityEngine.TextRenderingModule.dll(37568)
  - [24] UnityEngine.UI.dll(240640)
  - [25] Rust.Data.dll(1359872)
  - [26] Rust.Global.dll(91648)
  - [27] Facepunch.Steamworks.Win64.dll(625664)
  - [28] Facepunch.UnityEngine.dll(120832)
  - [29] Assembly-CSharp-firstpass.dll(1707008)
  - [30] Facepunch.Unity.dll(76288)
  - [31] 0Harmony.dll(2193920)
  - [32] Rust.FileSystem.dll(18944)
  - [33] Rust.Clans.dll(12288)
  - [34] Rust.Clans.Local.dll(59392)
  - [35] Rust.Localization.dll(5632)
  - [36] Rust.Platform.dll(7168)
  - [37] Rust.Platform.Steam.dll(30720)
  - [38] Rust.Workshop.dll(544256)
  - [39] Rust.World.dll(11776)
  - [40] System.Drawing.dll(481280)
  - [41] UnityEngine.AIModule.dll(57024)
  - [42] UnityEngine.AssetBundleModule.dll(31424)
  - [43] UnityEngine.GridModule.dll(23744)
  - [44] UnityEngine.ImageConversionModule.dll(22720)
  - [45] UnityEngine.PhysicsModule.dll(136896)
  - [46] UnityEngine.TerrainModule.dll(99520)
  - [47] UnityEngine.TerrainPhysicsModule.dll(19648)
  - [48] UnityEngine.UIModule.dll(35008)
  - [49] UnityEngine.UIElementsModule.dll(1533120)
  - [50] UnityEngine.UnityWebRequestAudioModule.dll(21184)
  - [51] UnityEngine.UnityWebRequestModule.dll(56512)
  - [52] UnityEngine.UnityWebRequestTextureModule.dll(20160)
  - [53] UnityEngine.UnityWebRequestWWWModule.dll(29888)
  - [54] UnityEngine.VehiclesModule.dll(22720)
  - [55] netstandard.dll(90112)
Plugin Files:
  - [1] CultistTrader.cs(17632)
  - [2] NpcSpawn.cs(135037)
  - [3] PluginManager.cs(1766)
  - [4] WelcomeMessage.cs(669)
2025-03-12 16:33:26.645 +03:00 [DBG] Added 55 project references
2025-03-12 16:33:26.687 +03:00 [DBG] Added 4 plugins to the project
2025-03-12 16:33:27.091 +03:00 [INF] Successfully compiled 4/4 plugins for job 0 in 461ms
2025-03-12 16:33:27.091 +03:00 [DBG] Pushing job 0 back to parent
2025-03-12 16:34:20.938 +03:00 [INF] Termination request has been received from compiler stream
2025-03-12 16:34:21.434 +03:00 [INF] Termination request has been received from SIGTERM
2025-03-12 16:43:22.418 +03:00 [INF] Starting compiler v1.0.32.0. . .
2025-03-12 16:43:22.435 +03:00 [INF] Minimal logging level is set to Debug
2025-03-12 16:43:22.438 +03:00 [INF] Watching parent process ([5380] RustDedicated) for shutdown
2025-03-12 16:43:22.439 +03:00 [DBG] Started message server. . .
2025-03-12 16:43:22.439 +03:00 [INF] Message server has started
2025-03-12 16:43:24.451 +03:00 [INF] Sent ready message to parent process
2025-03-12 16:43:24.452 +03:00 [DBG] Compiler has started successfully and is awaiting jobs. . .
2025-03-12 16:43:24.695 +03:00 [DBG] Received compile job 1 | Plugins: 1, References: 55
2025-03-12 16:43:25.454 +03:00 [INF] Starting compilation of job 1 | Total Plugins: 1
2025-03-12 16:43:25.454 +03:00 [DBG] Settings[Encoding: utf-8, CSVersion: Preview, Target: DynamicallyLinkedLibrary, Platform: AnyCpu, StdLib: False, Debug: False, Preprocessor: OXIDE, OXIDEMOD, RUST, RUST_MASTER, RUST_2_0_6408, RUST_2_0_6408_MASTER, OXIDE_PUBLICIZED]
Reference Files:
  - [1] mscorlib.dll(4631552)
  - [2] Oxide.Core.dll(201728)
  - [3] Oxide.CSharp.dll(104960)
  - [4] Oxide.Common.dll(22528)
  - [5] System.dll(2639360)
  - [6] System.Core.dll(1113088)
  - [7] System.Data.dll(2081280)
  - [8] System.Xml.dll(3160064)
  - [9] Oxide.References.dll(1419264)
  - [10] Oxide.MySql.dll(20480)
  - [11] MySql.Data.dll(443392)
  - [12] Oxide.SQLite.dll(20992)
  - [13] System.Data.SQLite.dll(286720)
  - [14] Oxide.Unity.dll(10240)
  - [15] UnityEngine.dll(125120)
  - [16] Oxide.Rust.dll(98816)
  - [17] Assembly-CSharp.dll(6778368)
  - [18] Facepunch.System.dll(73216)
  - [19] Facepunch.Console.dll(24576)
  - [20] UnityEngine.CoreModule.dll(1387200)
  - [21] Facepunch.Network.dll(72192)
  - [22] Rust.Platform.Common.dll(23552)
  - [23] UnityEngine.TextRenderingModule.dll(37568)
  - [24] UnityEngine.UI.dll(240640)
  - [25] Rust.Data.dll(1359872)
  - [26] Rust.Global.dll(91648)
  - [27] Facepunch.Steamworks.Win64.dll(625664)
  - [28] Facepunch.UnityEngine.dll(120832)
  - [29] Assembly-CSharp-firstpass.dll(1707008)
  - [30] Facepunch.Unity.dll(76288)
  - [31] 0Harmony.dll(2193920)
  - [32] Rust.FileSystem.dll(18944)
  - [33] Rust.Clans.dll(12288)
  - [34] Rust.Clans.Local.dll(59392)
  - [35] Rust.Localization.dll(5632)
  - [36] Rust.Platform.dll(7168)
  - [37] Rust.Platform.Steam.dll(30720)
  - [38] Rust.Workshop.dll(544256)
  - [39] Rust.World.dll(11776)
  - [40] System.Drawing.dll(481280)
  - [41] UnityEngine.AIModule.dll(57024)
  - [42] UnityEngine.AssetBundleModule.dll(31424)
  - [43] UnityEngine.GridModule.dll(23744)
  - [44] UnityEngine.ImageConversionModule.dll(22720)
  - [45] UnityEngine.PhysicsModule.dll(136896)
  - [46] UnityEngine.TerrainModule.dll(99520)
  - [47] UnityEngine.TerrainPhysicsModule.dll(19648)
  - [48] UnityEngine.UIModule.dll(35008)
  - [49] UnityEngine.UIElementsModule.dll(1533120)
  - [50] UnityEngine.UnityWebRequestAudioModule.dll(21184)
  - [51] UnityEngine.UnityWebRequestModule.dll(56512)
  - [52] UnityEngine.UnityWebRequestTextureModule.dll(20160)
  - [53] UnityEngine.UnityWebRequestWWWModule.dll(29888)
  - [54] UnityEngine.VehiclesModule.dll(22720)
  - [55] netstandard.dll(90112)
Plugin Files:
  - [1] PluginManager.cs(1826)
2025-03-12 16:43:25.471 +03:00 [DBG] Added 55 project references
2025-03-12 16:43:25.496 +03:00 [DBG] Added 1 plugins to the project
2025-03-12 16:43:25.846 +03:00 [INF] Successfully compiled 1/1 plugins for job 1 in 391ms
2025-03-12 16:43:25.846 +03:00 [DBG] Pushing job 1 back to parent
2025-03-12 16:44:25.868 +03:00 [INF] Termination request has been received from compiler stream
2025-03-12 16:44:26.163 +03:00 [INF] Termination request has been received from SIGTERM
2025-03-12 16:46:40.905 +03:00 [INF] Starting compiler v1.0.32.0. . .
2025-03-12 16:46:40.918 +03:00 [INF] Minimal logging level is set to Debug
2025-03-12 16:46:40.921 +03:00 [INF] Watching parent process ([5380] RustDedicated) for shutdown
2025-03-12 16:46:40.921 +03:00 [DBG] Started message server. . .
2025-03-12 16:46:40.922 +03:00 [INF] Message server has started
2025-03-12 16:46:42.934 +03:00 [INF] Sent ready message to parent process
2025-03-12 16:46:42.934 +03:00 [DBG] Compiler has started successfully and is awaiting jobs. . .
2025-03-12 16:46:42.987 +03:00 [DBG] Received compile job 2 | Plugins: 1, References: 55
2025-03-12 16:46:43.939 +03:00 [INF] Starting compilation of job 2 | Total Plugins: 1
2025-03-12 16:46:43.940 +03:00 [DBG] Settings[Encoding: utf-8, CSVersion: Preview, Target: DynamicallyLinkedLibrary, Platform: AnyCpu, StdLib: False, Debug: False, Preprocessor: OXIDE, OXIDEMOD, RUST, RUST_MASTER, RUST_2_0_6408, RUST_2_0_6408_MASTER, OXIDE_PUBLICIZED]
Reference Files:
  - [1] mscorlib.dll(4631552)
  - [2] Oxide.Core.dll(201728)
  - [3] Oxide.CSharp.dll(104960)
  - [4] Oxide.Common.dll(22528)
  - [5] System.dll(2639360)
  - [6] System.Core.dll(1113088)
  - [7] System.Data.dll(2081280)
  - [8] System.Xml.dll(3160064)
  - [9] Oxide.References.dll(1419264)
  - [10] Oxide.MySql.dll(20480)
  - [11] MySql.Data.dll(443392)
  - [12] Oxide.SQLite.dll(20992)
  - [13] System.Data.SQLite.dll(286720)
  - [14] Oxide.Unity.dll(10240)
  - [15] UnityEngine.dll(125120)
  - [16] Oxide.Rust.dll(98816)
  - [17] Assembly-CSharp.dll(6778368)
  - [18] Facepunch.System.dll(73216)
  - [19] Facepunch.Console.dll(24576)
  - [20] UnityEngine.CoreModule.dll(1387200)
  - [21] Facepunch.Network.dll(72192)
  - [22] Rust.Platform.Common.dll(23552)
  - [23] UnityEngine.TextRenderingModule.dll(37568)
  - [24] UnityEngine.UI.dll(240640)
  - [25] Rust.Data.dll(1359872)
  - [26] Rust.Global.dll(91648)
  - [27] Facepunch.Steamworks.Win64.dll(625664)
  - [28] Facepunch.UnityEngine.dll(120832)
  - [29] Assembly-CSharp-firstpass.dll(1707008)
  - [30] Facepunch.Unity.dll(76288)
  - [31] 0Harmony.dll(2193920)
  - [32] Rust.FileSystem.dll(18944)
  - [33] Rust.Clans.dll(12288)
  - [34] Rust.Clans.Local.dll(59392)
  - [35] Rust.Localization.dll(5632)
  - [36] Rust.Platform.dll(7168)
  - [37] Rust.Platform.Steam.dll(30720)
  - [38] Rust.Workshop.dll(544256)
  - [39] Rust.World.dll(11776)
  - [40] System.Drawing.dll(481280)
  - [41] UnityEngine.AIModule.dll(57024)
  - [42] UnityEngine.AssetBundleModule.dll(31424)
  - [43] UnityEngine.GridModule.dll(23744)
  - [44] UnityEngine.ImageConversionModule.dll(22720)
  - [45] UnityEngine.PhysicsModule.dll(136896)
  - [46] UnityEngine.TerrainModule.dll(99520)
  - [47] UnityEngine.TerrainPhysicsModule.dll(19648)
  - [48] UnityEngine.UIModule.dll(35008)
  - [49] UnityEngine.UIElementsModule.dll(1533120)
  - [50] UnityEngine.UnityWebRequestAudioModule.dll(21184)
  - [51] UnityEngine.UnityWebRequestModule.dll(56512)
  - [52] UnityEngine.UnityWebRequestTextureModule.dll(20160)
  - [53] UnityEngine.UnityWebRequestWWWModule.dll(29888)
  - [54] UnityEngine.VehiclesModule.dll(22720)
  - [55] netstandard.dll(90112)
Plugin Files:
  - [1] PluginManager.cs(2172)
2025-03-12 16:46:43.958 +03:00 [DBG] Added 55 project references
2025-03-12 16:46:43.988 +03:00 [DBG] Added 1 plugins to the project
2025-03-12 16:46:44.325 +03:00 [INF] Successfully compiled 1/1 plugins for job 2 in 385ms
2025-03-12 16:46:44.325 +03:00 [DBG] Pushing job 2 back to parent
2025-03-12 16:47:44.361 +03:00 [INF] Termination request has been received from compiler stream
2025-03-12 16:47:44.679 +03:00 [INF] Termination request has been received from SIGTERM
2025-03-12 16:48:09.842 +03:00 [INF] Starting compiler v1.0.32.0. . .
2025-03-12 16:48:09.855 +03:00 [INF] Minimal logging level is set to Debug
2025-03-12 16:48:09.858 +03:00 [INF] Watching parent process ([5380] RustDedicated) for shutdown
2025-03-12 16:48:09.859 +03:00 [DBG] Started message server. . .
2025-03-12 16:48:09.859 +03:00 [INF] Message server has started
2025-03-12 16:48:11.875 +03:00 [INF] Sent ready message to parent process
2025-03-12 16:48:11.876 +03:00 [DBG] Compiler has started successfully and is awaiting jobs. . .
2025-03-12 16:48:11.928 +03:00 [DBG] Received compile job 3 | Plugins: 1, References: 55
2025-03-12 16:48:12.889 +03:00 [INF] Starting compilation of job 3 | Total Plugins: 1
2025-03-12 16:48:12.889 +03:00 [DBG] Settings[Encoding: utf-8, CSVersion: Preview, Target: DynamicallyLinkedLibrary, Platform: AnyCpu, StdLib: False, Debug: False, Preprocessor: OXIDE, OXIDEMOD, RUST, RUST_MASTER, RUST_2_0_6408, RUST_2_0_6408_MASTER, OXIDE_PUBLICIZED]
Reference Files:
  - [1] mscorlib.dll(4631552)
  - [2] Oxide.Core.dll(201728)
  - [3] Oxide.CSharp.dll(104960)
  - [4] Oxide.Common.dll(22528)
  - [5] System.dll(2639360)
  - [6] System.Core.dll(1113088)
  - [7] System.Data.dll(2081280)
  - [8] System.Xml.dll(3160064)
  - [9] Oxide.References.dll(1419264)
  - [10] Oxide.MySql.dll(20480)
  - [11] MySql.Data.dll(443392)
  - [12] Oxide.SQLite.dll(20992)
  - [13] System.Data.SQLite.dll(286720)
  - [14] Oxide.Unity.dll(10240)
  - [15] UnityEngine.dll(125120)
  - [16] Oxide.Rust.dll(98816)
  - [17] Assembly-CSharp.dll(6778368)
  - [18] Facepunch.System.dll(73216)
  - [19] Facepunch.Console.dll(24576)
  - [20] UnityEngine.CoreModule.dll(1387200)
  - [21] Facepunch.Network.dll(72192)
  - [22] Rust.Platform.Common.dll(23552)
  - [23] UnityEngine.TextRenderingModule.dll(37568)
  - [24] UnityEngine.UI.dll(240640)
  - [25] Rust.Data.dll(1359872)
  - [26] Rust.Global.dll(91648)
  - [27] Facepunch.Steamworks.Win64.dll(625664)
  - [28] Facepunch.UnityEngine.dll(120832)
  - [29] Assembly-CSharp-firstpass.dll(1707008)
  - [30] Facepunch.Unity.dll(76288)
  - [31] 0Harmony.dll(2193920)
  - [32] Rust.FileSystem.dll(18944)
  - [33] Rust.Clans.dll(12288)
  - [34] Rust.Clans.Local.dll(59392)
  - [35] Rust.Localization.dll(5632)
  - [36] Rust.Platform.dll(7168)
  - [37] Rust.Platform.Steam.dll(30720)
  - [38] Rust.Workshop.dll(544256)
  - [39] Rust.World.dll(11776)
  - [40] System.Drawing.dll(481280)
  - [41] UnityEngine.AIModule.dll(57024)
  - [42] UnityEngine.AssetBundleModule.dll(31424)
  - [43] UnityEngine.GridModule.dll(23744)
  - [44] UnityEngine.ImageConversionModule.dll(22720)
  - [45] UnityEngine.PhysicsModule.dll(136896)
  - [46] UnityEngine.TerrainModule.dll(99520)
  - [47] UnityEngine.TerrainPhysicsModule.dll(19648)
  - [48] UnityEngine.UIModule.dll(35008)
  - [49] UnityEngine.UIElementsModule.dll(1533120)
  - [50] UnityEngine.UnityWebRequestAudioModule.dll(21184)
  - [51] UnityEngine.UnityWebRequestModule.dll(56512)
  - [52] UnityEngine.UnityWebRequestTextureModule.dll(20160)
  - [53] UnityEngine.UnityWebRequestWWWModule.dll(29888)
  - [54] UnityEngine.VehiclesModule.dll(22720)
  - [55] netstandard.dll(90112)
Plugin Files:
  - [1] PluginManager.cs(2177)
2025-03-12 16:48:12.914 +03:00 [DBG] Added 55 project references
2025-03-12 16:48:12.939 +03:00 [DBG] Added 1 plugins to the project
2025-03-12 16:48:13.261 +03:00 [INF] Successfully compiled 1/1 plugins for job 3 in 372ms
2025-03-12 16:48:13.261 +03:00 [DBG] Pushing job 3 back to parent
2025-03-12 16:48:42.258 +03:00 [DBG] Received compile job 4 | Plugins: 1, References: 55
2025-03-12 16:48:42.501 +03:00 [INF] Starting compilation of job 4 | Total Plugins: 1
2025-03-12 16:48:42.501 +03:00 [DBG] Settings[Encoding: utf-8, CSVersion: Preview, Target: DynamicallyLinkedLibrary, Platform: AnyCpu, StdLib: False, Debug: False, Preprocessor: OXIDE, OXIDEMOD, RUST, RUST_MASTER, RUST_2_0_6408, RUST_2_0_6408_MASTER, OXIDE_PUBLICIZED]
Reference Files:
  - [1] mscorlib.dll(4631552)
  - [2] Oxide.Core.dll(201728)
  - [3] Oxide.CSharp.dll(104960)
  - [4] Oxide.Common.dll(22528)
  - [5] System.dll(2639360)
  - [6] System.Core.dll(1113088)
  - [7] System.Data.dll(2081280)
  - [8] System.Xml.dll(3160064)
  - [9] Oxide.References.dll(1419264)
  - [10] Oxide.MySql.dll(20480)
  - [11] MySql.Data.dll(443392)
  - [12] Oxide.SQLite.dll(20992)
  - [13] System.Data.SQLite.dll(286720)
  - [14] Oxide.Unity.dll(10240)
  - [15] UnityEngine.dll(125120)
  - [16] Oxide.Rust.dll(98816)
  - [17] Assembly-CSharp.dll(6778368)
  - [18] Facepunch.System.dll(73216)
  - [19] Facepunch.Console.dll(24576)
  - [20] UnityEngine.CoreModule.dll(1387200)
  - [21] Facepunch.Network.dll(72192)
  - [22] Rust.Platform.Common.dll(23552)
  - [23] UnityEngine.TextRenderingModule.dll(37568)
  - [24] UnityEngine.UI.dll(240640)
  - [25] Rust.Data.dll(1359872)
  - [26] Rust.Global.dll(91648)
  - [27] Facepunch.Steamworks.Win64.dll(625664)
  - [28] Facepunch.UnityEngine.dll(120832)
  - [29] Assembly-CSharp-firstpass.dll(1707008)
  - [30] Facepunch.Unity.dll(76288)
  - [31] 0Harmony.dll(2193920)
  - [32] Rust.FileSystem.dll(18944)
  - [33] Rust.Clans.dll(12288)
  - [34] Rust.Clans.Local.dll(59392)
  - [35] Rust.Localization.dll(5632)
  - [36] Rust.Platform.dll(7168)
  - [37] Rust.Platform.Steam.dll(30720)
  - [38] Rust.Workshop.dll(544256)
  - [39] Rust.World.dll(11776)
  - [40] System.Drawing.dll(481280)
  - [41] UnityEngine.AIModule.dll(57024)
  - [42] UnityEngine.AssetBundleModule.dll(31424)
  - [43] UnityEngine.GridModule.dll(23744)
  - [44] UnityEngine.ImageConversionModule.dll(22720)
  - [45] UnityEngine.PhysicsModule.dll(136896)
  - [46] UnityEngine.TerrainModule.dll(99520)
  - [47] UnityEngine.TerrainPhysicsModule.dll(19648)
  - [48] UnityEngine.UIModule.dll(35008)
  - [49] UnityEngine.UIElementsModule.dll(1533120)
  - [50] UnityEngine.UnityWebRequestAudioModule.dll(21184)
  - [51] UnityEngine.UnityWebRequestModule.dll(56512)
  - [52] UnityEngine.UnityWebRequestTextureModule.dll(20160)
  - [53] UnityEngine.UnityWebRequestWWWModule.dll(29888)
  - [54] UnityEngine.VehiclesModule.dll(22720)
  - [55] netstandard.dll(90112)
Plugin Files:
  - [1] PluginManager.cs(2173)
2025-03-12 16:48:42.516 +03:00 [DBG] Added 55 project references
2025-03-12 16:48:42.517 +03:00 [DBG] Added 1 plugins to the project
2025-03-12 16:48:42.575 +03:00 [INF] Successfully compiled 1/1 plugins for job 4 in 74ms
2025-03-12 16:48:42.575 +03:00 [DBG] Pushing job 4 back to parent
2025-03-12 16:49:39.478 +03:00 [DBG] Received compile job 5 | Plugins: 1, References: 55
2025-03-12 16:49:39.977 +03:00 [INF] Starting compilation of job 5 | Total Plugins: 1
2025-03-12 16:49:39.977 +03:00 [DBG] Settings[Encoding: utf-8, CSVersion: Preview, Target: DynamicallyLinkedLibrary, Platform: AnyCpu, StdLib: False, Debug: False, Preprocessor: OXIDE, OXIDEMOD, RUST, RUST_MASTER, RUST_2_0_6408, RUST_2_0_6408_MASTER, OXIDE_PUBLICIZED]
Reference Files:
  - [1] mscorlib.dll(4631552)
  - [2] Oxide.Core.dll(201728)
  - [3] Oxide.CSharp.dll(104960)
  - [4] Oxide.Common.dll(22528)
  - [5] System.dll(2639360)
  - [6] System.Core.dll(1113088)
  - [7] System.Data.dll(2081280)
  - [8] System.Xml.dll(3160064)
  - [9] Oxide.References.dll(1419264)
  - [10] Oxide.MySql.dll(20480)
  - [11] MySql.Data.dll(443392)
  - [12] Oxide.SQLite.dll(20992)
  - [13] System.Data.SQLite.dll(286720)
  - [14] Oxide.Unity.dll(10240)
  - [15] UnityEngine.dll(125120)
  - [16] Oxide.Rust.dll(98816)
  - [17] Assembly-CSharp.dll(6778368)
  - [18] Facepunch.System.dll(73216)
  - [19] Facepunch.Console.dll(24576)
  - [20] UnityEngine.CoreModule.dll(1387200)
  - [21] Facepunch.Network.dll(72192)
  - [22] Rust.Platform.Common.dll(23552)
  - [23] UnityEngine.TextRenderingModule.dll(37568)
  - [24] UnityEngine.UI.dll(240640)
  - [25] Rust.Data.dll(1359872)
  - [26] Rust.Global.dll(91648)
  - [27] Facepunch.Steamworks.Win64.dll(625664)
  - [28] Facepunch.UnityEngine.dll(120832)
  - [29] Assembly-CSharp-firstpass.dll(1707008)
  - [30] Facepunch.Unity.dll(76288)
  - [31] 0Harmony.dll(2193920)
  - [32] Rust.FileSystem.dll(18944)
  - [33] Rust.Clans.dll(12288)
  - [34] Rust.Clans.Local.dll(59392)
  - [35] Rust.Localization.dll(5632)
  - [36] Rust.Platform.dll(7168)
  - [37] Rust.Platform.Steam.dll(30720)
  - [38] Rust.Workshop.dll(544256)
  - [39] Rust.World.dll(11776)
  - [40] System.Drawing.dll(481280)
  - [41] UnityEngine.AIModule.dll(57024)
  - [42] UnityEngine.AssetBundleModule.dll(31424)
  - [43] UnityEngine.GridModule.dll(23744)
  - [44] UnityEngine.ImageConversionModule.dll(22720)
  - [45] UnityEngine.PhysicsModule.dll(136896)
  - [46] UnityEngine.TerrainModule.dll(99520)
  - [47] UnityEngine.TerrainPhysicsModule.dll(19648)
  - [48] UnityEngine.UIModule.dll(35008)
  - [49] UnityEngine.UIElementsModule.dll(1533120)
  - [50] UnityEngine.UnityWebRequestAudioModule.dll(21184)
  - [51] UnityEngine.UnityWebRequestModule.dll(56512)
  - [52] UnityEngine.UnityWebRequestTextureModule.dll(20160)
  - [53] UnityEngine.UnityWebRequestWWWModule.dll(29888)
  - [54] UnityEngine.VehiclesModule.dll(22720)
  - [55] netstandard.dll(90112)
Plugin Files:
  - [1] PluginManager.cs(2170)
2025-03-12 16:49:40.014 +03:00 [DBG] Added 55 project references
2025-03-12 16:49:40.015 +03:00 [DBG] Added 1 plugins to the project
2025-03-12 16:49:40.121 +03:00 [INF] Successfully compiled 1/1 plugins for job 5 in 144ms
2025-03-12 16:49:40.121 +03:00 [DBG] Pushing job 5 back to parent
2025-03-12 16:50:37.117 +03:00 [DBG] Received compile job 6 | Plugins: 1, References: 55
2025-03-12 16:50:37.406 +03:00 [INF] Starting compilation of job 6 | Total Plugins: 1
2025-03-12 16:50:37.406 +03:00 [DBG] Settings[Encoding: utf-8, CSVersion: Preview, Target: DynamicallyLinkedLibrary, Platform: AnyCpu, StdLib: False, Debug: False, Preprocessor: OXIDE, OXIDEMOD, RUST, RUST_MASTER, RUST_2_0_6408, RUST_2_0_6408_MASTER, OXIDE_PUBLICIZED]
Reference Files:
  - [1] mscorlib.dll(4631552)
  - [2] Oxide.Core.dll(201728)
  - [3] Oxide.CSharp.dll(104960)
  - [4] Oxide.Common.dll(22528)
  - [5] System.dll(2639360)
  - [6] System.Core.dll(1113088)
  - [7] System.Data.dll(2081280)
  - [8] System.Xml.dll(3160064)
  - [9] Oxide.References.dll(1419264)
  - [10] Oxide.MySql.dll(20480)
  - [11] MySql.Data.dll(443392)
  - [12] Oxide.SQLite.dll(20992)
  - [13] System.Data.SQLite.dll(286720)
  - [14] Oxide.Unity.dll(10240)
  - [15] UnityEngine.dll(125120)
  - [16] Oxide.Rust.dll(98816)
  - [17] Assembly-CSharp.dll(6778368)
  - [18] Facepunch.System.dll(73216)
  - [19] Facepunch.Console.dll(24576)
  - [20] UnityEngine.CoreModule.dll(1387200)
  - [21] Facepunch.Network.dll(72192)
  - [22] Rust.Platform.Common.dll(23552)
  - [23] UnityEngine.TextRenderingModule.dll(37568)
  - [24] UnityEngine.UI.dll(240640)
  - [25] Rust.Data.dll(1359872)
  - [26] Rust.Global.dll(91648)
  - [27] Facepunch.Steamworks.Win64.dll(625664)
  - [28] Facepunch.UnityEngine.dll(120832)
  - [29] Assembly-CSharp-firstpass.dll(1707008)
  - [30] Facepunch.Unity.dll(76288)
  - [31] 0Harmony.dll(2193920)
  - [32] Rust.FileSystem.dll(18944)
  - [33] Rust.Clans.dll(12288)
  - [34] Rust.Clans.Local.dll(59392)
  - [35] Rust.Localization.dll(5632)
  - [36] Rust.Platform.dll(7168)
  - [37] Rust.Platform.Steam.dll(30720)
  - [38] Rust.Workshop.dll(544256)
  - [39] Rust.World.dll(11776)
  - [40] System.Drawing.dll(481280)
  - [41] UnityEngine.AIModule.dll(57024)
  - [42] UnityEngine.AssetBundleModule.dll(31424)
  - [43] UnityEngine.GridModule.dll(23744)
  - [44] UnityEngine.ImageConversionModule.dll(22720)
  - [45] UnityEngine.PhysicsModule.dll(136896)
  - [46] UnityEngine.TerrainModule.dll(99520)
  - [47] UnityEngine.TerrainPhysicsModule.dll(19648)
  - [48] UnityEngine.UIModule.dll(35008)
  - [49] UnityEngine.UIElementsModule.dll(1533120)
  - [50] UnityEngine.UnityWebRequestAudioModule.dll(21184)
  - [51] UnityEngine.UnityWebRequestModule.dll(56512)
  - [52] UnityEngine.UnityWebRequestTextureModule.dll(20160)
  - [53] UnityEngine.UnityWebRequestWWWModule.dll(29888)
  - [54] UnityEngine.VehiclesModule.dll(22720)
  - [55] netstandard.dll(90112)
Plugin Files:
  - [1] PluginManager.cs(2170)
2025-03-12 16:50:37.423 +03:00 [DBG] Added 55 project references
2025-03-12 16:50:37.423 +03:00 [DBG] Added 1 plugins to the project
2025-03-12 16:50:37.463 +03:00 [INF] Successfully compiled 1/1 plugins for job 6 in 57ms
2025-03-12 16:50:37.463 +03:00 [DBG] Pushing job 6 back to parent
2025-03-12 16:51:37.501 +03:00 [INF] Termination request has been received from compiler stream
2025-03-12 16:51:37.775 +03:00 [INF] Termination request has been received from SIGTERM
2025-03-12 16:55:27.646 +03:00 [INF] Starting compiler v1.0.32.0. . .
2025-03-12 16:55:27.662 +03:00 [INF] Minimal logging level is set to Debug
2025-03-12 16:55:27.665 +03:00 [INF] Watching parent process ([5380] RustDedicated) for shutdown
2025-03-12 16:55:27.665 +03:00 [DBG] Started message server. . .
2025-03-12 16:55:27.666 +03:00 [INF] Message server has started
2025-03-12 16:55:29.676 +03:00 [INF] Sent ready message to parent process
2025-03-12 16:55:29.677 +03:00 [DBG] Compiler has started successfully and is awaiting jobs. . .
2025-03-12 16:55:29.717 +03:00 [DBG] Received compile job 7 | Plugins: 1, References: 55
2025-03-12 16:55:30.693 +03:00 [INF] Starting compilation of job 7 | Total Plugins: 1
2025-03-12 16:55:30.694 +03:00 [DBG] Settings[Encoding: utf-8, CSVersion: Preview, Target: DynamicallyLinkedLibrary, Platform: AnyCpu, StdLib: False, Debug: False, Preprocessor: OXIDE, OXIDEMOD, RUST, RUST_MASTER, RUST_2_0_6408, RUST_2_0_6408_MASTER, OXIDE_PUBLICIZED]
Reference Files:
  - [1] mscorlib.dll(4631552)
  - [2] Oxide.Core.dll(201728)
  - [3] Oxide.CSharp.dll(104960)
  - [4] Oxide.Common.dll(22528)
  - [5] System.dll(2639360)
  - [6] System.Core.dll(1113088)
  - [7] System.Data.dll(2081280)
  - [8] System.Xml.dll(3160064)
  - [9] Oxide.References.dll(1419264)
  - [10] Oxide.MySql.dll(20480)
  - [11] MySql.Data.dll(443392)
  - [12] Oxide.SQLite.dll(20992)
  - [13] System.Data.SQLite.dll(286720)
  - [14] Oxide.Unity.dll(10240)
  - [15] UnityEngine.dll(125120)
  - [16] Oxide.Rust.dll(98816)
  - [17] Assembly-CSharp.dll(6778368)
  - [18] Facepunch.System.dll(73216)
  - [19] Facepunch.Console.dll(24576)
  - [20] UnityEngine.CoreModule.dll(1387200)
  - [21] Facepunch.Network.dll(72192)
  - [22] Rust.Platform.Common.dll(23552)
  - [23] UnityEngine.TextRenderingModule.dll(37568)
  - [24] UnityEngine.UI.dll(240640)
  - [25] Rust.Data.dll(1359872)
  - [26] Rust.Global.dll(91648)
  - [27] Facepunch.Steamworks.Win64.dll(625664)
  - [28] Facepunch.UnityEngine.dll(120832)
  - [29] Assembly-CSharp-firstpass.dll(1707008)
  - [30] Facepunch.Unity.dll(76288)
  - [31] 0Harmony.dll(2193920)
  - [32] Rust.FileSystem.dll(18944)
  - [33] Rust.Clans.dll(12288)
  - [34] Rust.Clans.Local.dll(59392)
  - [35] Rust.Localization.dll(5632)
  - [36] Rust.Platform.dll(7168)
  - [37] Rust.Platform.Steam.dll(30720)
  - [38] Rust.Workshop.dll(544256)
  - [39] Rust.World.dll(11776)
  - [40] System.Drawing.dll(481280)
  - [41] UnityEngine.AIModule.dll(57024)
  - [42] UnityEngine.AssetBundleModule.dll(31424)
  - [43] UnityEngine.GridModule.dll(23744)
  - [44] UnityEngine.ImageConversionModule.dll(22720)
  - [45] UnityEngine.PhysicsModule.dll(136896)
  - [46] UnityEngine.TerrainModule.dll(99520)
  - [47] UnityEngine.TerrainPhysicsModule.dll(19648)
  - [48] UnityEngine.UIModule.dll(35008)
  - [49] UnityEngine.UIElementsModule.dll(1533120)
  - [50] UnityEngine.UnityWebRequestAudioModule.dll(21184)
  - [51] UnityEngine.UnityWebRequestModule.dll(56512)
  - [52] UnityEngine.UnityWebRequestTextureModule.dll(20160)
  - [53] UnityEngine.UnityWebRequestWWWModule.dll(29888)
  - [54] UnityEngine.VehiclesModule.dll(22720)
  - [55] netstandard.dll(90112)
Plugin Files:
  - [1] PluginManager.cs(2165)
2025-03-12 16:55:30.713 +03:00 [DBG] Added 55 project references
2025-03-12 16:55:30.739 +03:00 [DBG] Added 1 plugins to the project
2025-03-12 16:55:31.013 +03:00 [INF] Successfully compiled 1/1 plugins for job 7 in 319ms
2025-03-12 16:55:31.013 +03:00 [DBG] Pushing job 7 back to parent
2025-03-12 16:56:31.033 +03:00 [INF] Termination request has been received from compiler stream
2025-03-12 16:56:31.360 +03:00 [INF] Termination request has been received from SIGTERM
2025-03-12 16:57:25.749 +03:00 [INF] Starting compiler v1.0.32.0. . .
2025-03-12 16:57:25.763 +03:00 [INF] Minimal logging level is set to Debug
2025-03-12 16:57:25.766 +03:00 [INF] Watching parent process ([5380] RustDedicated) for shutdown
2025-03-12 16:57:25.766 +03:00 [DBG] Started message server. . .
2025-03-12 16:57:25.766 +03:00 [INF] Message server has started
2025-03-12 16:57:27.773 +03:00 [INF] Sent ready message to parent process
2025-03-12 16:57:27.773 +03:00 [DBG] Compiler has started successfully and is awaiting jobs. . .
2025-03-12 16:57:27.822 +03:00 [DBG] Received compile job 8 | Plugins: 1, References: 55
2025-03-12 16:57:28.784 +03:00 [INF] Starting compilation of job 8 | Total Plugins: 1
2025-03-12 16:57:28.784 +03:00 [DBG] Settings[Encoding: utf-8, CSVersion: Preview, Target: DynamicallyLinkedLibrary, Platform: AnyCpu, StdLib: False, Debug: False, Preprocessor: OXIDE, OXIDEMOD, RUST, RUST_MASTER, RUST_2_0_6408, RUST_2_0_6408_MASTER, OXIDE_PUBLICIZED]
Reference Files:
  - [1] mscorlib.dll(4631552)
  - [2] Oxide.Core.dll(201728)
  - [3] Oxide.CSharp.dll(104960)
  - [4] Oxide.Common.dll(22528)
  - [5] System.dll(2639360)
  - [6] System.Core.dll(1113088)
  - [7] System.Data.dll(2081280)
  - [8] System.Xml.dll(3160064)
  - [9] Oxide.References.dll(1419264)
  - [10] Oxide.MySql.dll(20480)
  - [11] MySql.Data.dll(443392)
  - [12] Oxide.SQLite.dll(20992)
  - [13] System.Data.SQLite.dll(286720)
  - [14] Oxide.Unity.dll(10240)
  - [15] UnityEngine.dll(125120)
  - [16] Oxide.Rust.dll(98816)
  - [17] Assembly-CSharp.dll(6778368)
  - [18] Facepunch.System.dll(73216)
  - [19] Facepunch.Console.dll(24576)
  - [20] UnityEngine.CoreModule.dll(1387200)
  - [21] Facepunch.Network.dll(72192)
  - [22] Rust.Platform.Common.dll(23552)
  - [23] UnityEngine.TextRenderingModule.dll(37568)
  - [24] UnityEngine.UI.dll(240640)
  - [25] Rust.Data.dll(1359872)
  - [26] Rust.Global.dll(91648)
  - [27] Facepunch.Steamworks.Win64.dll(625664)
  - [28] Facepunch.UnityEngine.dll(120832)
  - [29] Assembly-CSharp-firstpass.dll(1707008)
  - [30] Facepunch.Unity.dll(76288)
  - [31] 0Harmony.dll(2193920)
  - [32] Rust.FileSystem.dll(18944)
  - [33] Rust.Clans.dll(12288)
  - [34] Rust.Clans.Local.dll(59392)
  - [35] Rust.Localization.dll(5632)
  - [36] Rust.Platform.dll(7168)
  - [37] Rust.Platform.Steam.dll(30720)
  - [38] Rust.Workshop.dll(544256)
  - [39] Rust.World.dll(11776)
  - [40] System.Drawing.dll(481280)
  - [41] UnityEngine.AIModule.dll(57024)
  - [42] UnityEngine.AssetBundleModule.dll(31424)
  - [43] UnityEngine.GridModule.dll(23744)
  - [44] UnityEngine.ImageConversionModule.dll(22720)
  - [45] UnityEngine.PhysicsModule.dll(136896)
  - [46] UnityEngine.TerrainModule.dll(99520)
  - [47] UnityEngine.TerrainPhysicsModule.dll(19648)
  - [48] UnityEngine.UIModule.dll(35008)
  - [49] UnityEngine.UIElementsModule.dll(1533120)
  - [50] UnityEngine.UnityWebRequestAudioModule.dll(21184)
  - [51] UnityEngine.UnityWebRequestModule.dll(56512)
  - [52] UnityEngine.UnityWebRequestTextureModule.dll(20160)
  - [53] UnityEngine.UnityWebRequestWWWModule.dll(29888)
  - [54] UnityEngine.VehiclesModule.dll(22720)
  - [55] netstandard.dll(90112)
Plugin Files:
  - [1] PluginManager.cs(2165)
2025-03-12 16:57:28.800 +03:00 [DBG] Added 55 project references
2025-03-12 16:57:28.822 +03:00 [DBG] Added 1 plugins to the project
2025-03-12 16:57:29.112 +03:00 [INF] Successfully compiled 1/1 plugins for job 8 in 328ms
2025-03-12 16:57:29.112 +03:00 [DBG] Pushing job 8 back to parent
2025-03-12 16:58:29.147 +03:00 [INF] Termination request has been received from compiler stream
2025-03-12 16:58:29.563 +03:00 [INF] Termination request has been received from SIGTERM
2025-03-12 17:07:08.270 +03:00 [INF] Starting compiler v1.0.32.0. . .
2025-03-12 17:07:08.284 +03:00 [INF] Minimal logging level is set to Debug
2025-03-12 17:07:08.288 +03:00 [INF] Watching parent process ([5380] RustDedicated) for shutdown
2025-03-12 17:07:08.288 +03:00 [DBG] Started message server. . .
2025-03-12 17:07:08.289 +03:00 [INF] Message server has started
2025-03-12 17:07:10.291 +03:00 [INF] Sent ready message to parent process
2025-03-12 17:07:10.292 +03:00 [DBG] Compiler has started successfully and is awaiting jobs. . .
2025-03-12 17:07:10.335 +03:00 [DBG] Received compile job 9 | Plugins: 1, References: 55
2025-03-12 17:07:11.305 +03:00 [INF] Starting compilation of job 9 | Total Plugins: 1
2025-03-12 17:07:11.305 +03:00 [DBG] Settings[Encoding: utf-8, CSVersion: Preview, Target: DynamicallyLinkedLibrary, Platform: AnyCpu, StdLib: False, Debug: False, Preprocessor: OXIDE, OXIDEMOD, RUST, RUST_MASTER, RUST_2_0_6408, RUST_2_0_6408_MASTER, OXIDE_PUBLICIZED]
Reference Files:
  - [1] mscorlib.dll(4631552)
  - [2] Oxide.Core.dll(201728)
  - [3] Oxide.CSharp.dll(104960)
  - [4] Oxide.Common.dll(22528)
  - [5] System.dll(2639360)
  - [6] System.Core.dll(1113088)
  - [7] System.Data.dll(2081280)
  - [8] System.Xml.dll(3160064)
  - [9] Oxide.References.dll(1419264)
  - [10] Oxide.MySql.dll(20480)
  - [11] MySql.Data.dll(443392)
  - [12] Oxide.SQLite.dll(20992)
  - [13] System.Data.SQLite.dll(286720)
  - [14] Oxide.Unity.dll(10240)
  - [15] UnityEngine.dll(125120)
  - [16] Oxide.Rust.dll(98816)
  - [17] Assembly-CSharp.dll(6778368)
  - [18] Facepunch.System.dll(73216)
  - [19] Facepunch.Console.dll(24576)
  - [20] UnityEngine.CoreModule.dll(1387200)
  - [21] Facepunch.Network.dll(72192)
  - [22] Rust.Platform.Common.dll(23552)
  - [23] UnityEngine.TextRenderingModule.dll(37568)
  - [24] UnityEngine.UI.dll(240640)
  - [25] Rust.Data.dll(1359872)
  - [26] Rust.Global.dll(91648)
  - [27] Facepunch.Steamworks.Win64.dll(625664)
  - [28] Facepunch.UnityEngine.dll(120832)
  - [29] Assembly-CSharp-firstpass.dll(1707008)
  - [30] Facepunch.Unity.dll(76288)
  - [31] 0Harmony.dll(2193920)
  - [32] Rust.FileSystem.dll(18944)
  - [33] Rust.Clans.dll(12288)
  - [34] Rust.Clans.Local.dll(59392)
  - [35] Rust.Localization.dll(5632)
  - [36] Rust.Platform.dll(7168)
  - [37] Rust.Platform.Steam.dll(30720)
  - [38] Rust.Workshop.dll(544256)
  - [39] Rust.World.dll(11776)
  - [40] System.Drawing.dll(481280)
  - [41] UnityEngine.AIModule.dll(57024)
  - [42] UnityEngine.AssetBundleModule.dll(31424)
  - [43] UnityEngine.GridModule.dll(23744)
  - [44] UnityEngine.ImageConversionModule.dll(22720)
  - [45] UnityEngine.PhysicsModule.dll(136896)
  - [46] UnityEngine.TerrainModule.dll(99520)
  - [47] UnityEngine.TerrainPhysicsModule.dll(19648)
  - [48] UnityEngine.UIModule.dll(35008)
  - [49] UnityEngine.UIElementsModule.dll(1533120)
  - [50] UnityEngine.UnityWebRequestAudioModule.dll(21184)
  - [51] UnityEngine.UnityWebRequestModule.dll(56512)
  - [52] UnityEngine.UnityWebRequestTextureModule.dll(20160)
  - [53] UnityEngine.UnityWebRequestWWWModule.dll(29888)
  - [54] UnityEngine.VehiclesModule.dll(22720)
  - [55] netstandard.dll(90112)
Plugin Files:
  - [1] PluginManager.cs(3007)
2025-03-12 17:07:11.322 +03:00 [DBG] Added 55 project references
2025-03-12 17:07:11.345 +03:00 [DBG] Added 1 plugins to the project
2025-03-12 17:07:11.626 +03:00 [INF] Successfully compiled 1/1 plugins for job 9 in 320ms
2025-03-12 17:07:11.626 +03:00 [DBG] Pushing job 9 back to parent
2025-03-12 17:08:11.636 +03:00 [INF] Termination request has been received from compiler stream
2025-03-12 17:08:11.953 +03:00 [INF] Termination request has been received from SIGTERM
2025-03-12 17:12:06.296 +03:00 [INF] Starting compiler v1.0.32.0. . .
2025-03-12 17:12:06.308 +03:00 [INF] Minimal logging level is set to Debug
2025-03-12 17:12:06.311 +03:00 [INF] Watching parent process ([5380] RustDedicated) for shutdown
2025-03-12 17:12:06.311 +03:00 [DBG] Started message server. . .
2025-03-12 17:12:06.312 +03:00 [INF] Message server has started
2025-03-12 17:12:08.324 +03:00 [INF] Sent ready message to parent process
2025-03-12 17:12:08.325 +03:00 [DBG] Compiler has started successfully and is awaiting jobs. . .
2025-03-12 17:12:08.368 +03:00 [DBG] Received compile job 10 | Plugins: 1, References: 55
2025-03-12 17:12:09.327 +03:00 [INF] Starting compilation of job 10 | Total Plugins: 1
2025-03-12 17:12:09.328 +03:00 [DBG] Settings[Encoding: utf-8, CSVersion: Preview, Target: DynamicallyLinkedLibrary, Platform: AnyCpu, StdLib: False, Debug: False, Preprocessor: OXIDE, OXIDEMOD, RUST, RUST_MASTER, RUST_2_0_6408, RUST_2_0_6408_MASTER, OXIDE_PUBLICIZED]
Reference Files:
  - [1] mscorlib.dll(4631552)
  - [2] Oxide.Core.dll(201728)
  - [3] Oxide.CSharp.dll(104960)
  - [4] Oxide.Common.dll(22528)
  - [5] System.dll(2639360)
  - [6] System.Core.dll(1113088)
  - [7] System.Data.dll(2081280)
  - [8] System.Xml.dll(3160064)
  - [9] Oxide.References.dll(1419264)
  - [10] Oxide.MySql.dll(20480)
  - [11] MySql.Data.dll(443392)
  - [12] Oxide.SQLite.dll(20992)
  - [13] System.Data.SQLite.dll(286720)
  - [14] Oxide.Unity.dll(10240)
  - [15] UnityEngine.dll(125120)
  - [16] Oxide.Rust.dll(98816)
  - [17] Assembly-CSharp.dll(6778368)
  - [18] Facepunch.System.dll(73216)
  - [19] Facepunch.Console.dll(24576)
  - [20] UnityEngine.CoreModule.dll(1387200)
  - [21] Facepunch.Network.dll(72192)
  - [22] Rust.Platform.Common.dll(23552)
  - [23] UnityEngine.TextRenderingModule.dll(37568)
  - [24] UnityEngine.UI.dll(240640)
  - [25] Rust.Data.dll(1359872)
  - [26] Rust.Global.dll(91648)
  - [27] Facepunch.Steamworks.Win64.dll(625664)
  - [28] Facepunch.UnityEngine.dll(120832)
  - [29] Assembly-CSharp-firstpass.dll(1707008)
  - [30] Facepunch.Unity.dll(76288)
  - [31] 0Harmony.dll(2193920)
  - [32] Rust.FileSystem.dll(18944)
  - [33] Rust.Clans.dll(12288)
  - [34] Rust.Clans.Local.dll(59392)
  - [35] Rust.Localization.dll(5632)
  - [36] Rust.Platform.dll(7168)
  - [37] Rust.Platform.Steam.dll(30720)
  - [38] Rust.Workshop.dll(544256)
  - [39] Rust.World.dll(11776)
  - [40] System.Drawing.dll(481280)
  - [41] UnityEngine.AIModule.dll(57024)
  - [42] UnityEngine.AssetBundleModule.dll(31424)
  - [43] UnityEngine.GridModule.dll(23744)
  - [44] UnityEngine.ImageConversionModule.dll(22720)
  - [45] UnityEngine.PhysicsModule.dll(136896)
  - [46] UnityEngine.TerrainModule.dll(99520)
  - [47] UnityEngine.TerrainPhysicsModule.dll(19648)
  - [48] UnityEngine.UIModule.dll(35008)
  - [49] UnityEngine.UIElementsModule.dll(1533120)
  - [50] UnityEngine.UnityWebRequestAudioModule.dll(21184)
  - [51] UnityEngine.UnityWebRequestModule.dll(56512)
  - [52] UnityEngine.UnityWebRequestTextureModule.dll(20160)
  - [53] UnityEngine.UnityWebRequestWWWModule.dll(29888)
  - [54] UnityEngine.VehiclesModule.dll(22720)
  - [55] netstandard.dll(90112)
Plugin Files:
  - [1] PluginManager.cs(4268)
2025-03-12 17:12:09.345 +03:00 [DBG] Added 55 project references
2025-03-12 17:12:09.375 +03:00 [DBG] Added 1 plugins to the project
2025-03-12 17:12:09.666 +03:00 [INF] Successfully compiled 1/1 plugins for job 10 in 338ms
2025-03-12 17:12:09.666 +03:00 [DBG] Pushing job 10 back to parent
2025-03-12 17:13:09.705 +03:00 [INF] Termination request has been received from compiler stream
2025-03-12 17:13:10.000 +03:00 [INF] Termination request has been received from SIGTERM
2025-03-12 17:17:50.872 +03:00 [INF] Starting compiler v1.0.32.0. . .
2025-03-12 17:17:50.890 +03:00 [INF] Minimal logging level is set to Debug
2025-03-12 17:17:50.894 +03:00 [INF] Watching parent process ([5380] RustDedicated) for shutdown
2025-03-12 17:17:50.894 +03:00 [DBG] Started message server. . .
2025-03-12 17:17:50.895 +03:00 [INF] Message server has started
2025-03-12 17:17:52.906 +03:00 [INF] Sent ready message to parent process
2025-03-12 17:17:52.907 +03:00 [DBG] Compiler has started successfully and is awaiting jobs. . .
2025-03-12 17:17:52.959 +03:00 [DBG] Received compile job 11 | Plugins: 1, References: 55
2025-03-12 17:17:53.915 +03:00 [INF] Starting compilation of job 11 | Total Plugins: 1
2025-03-12 17:17:53.915 +03:00 [DBG] Settings[Encoding: utf-8, CSVersion: Preview, Target: DynamicallyLinkedLibrary, Platform: AnyCpu, StdLib: False, Debug: False, Preprocessor: OXIDE, OXIDEMOD, RUST, RUST_MASTER, RUST_2_0_6408, RUST_2_0_6408_MASTER, OXIDE_PUBLICIZED]
Reference Files:
  - [1] mscorlib.dll(4631552)
  - [2] Oxide.Core.dll(201728)
  - [3] Oxide.CSharp.dll(104960)
  - [4] Oxide.Common.dll(22528)
  - [5] System.dll(2639360)
  - [6] System.Core.dll(1113088)
  - [7] System.Data.dll(2081280)
  - [8] System.Xml.dll(3160064)
  - [9] Oxide.References.dll(1419264)
  - [10] Oxide.MySql.dll(20480)
  - [11] MySql.Data.dll(443392)
  - [12] Oxide.SQLite.dll(20992)
  - [13] System.Data.SQLite.dll(286720)
  - [14] Oxide.Unity.dll(10240)
  - [15] UnityEngine.dll(125120)
  - [16] Oxide.Rust.dll(98816)
  - [17] Assembly-CSharp.dll(6778368)
  - [18] Facepunch.System.dll(73216)
  - [19] Facepunch.Console.dll(24576)
  - [20] UnityEngine.CoreModule.dll(1387200)
  - [21] Facepunch.Network.dll(72192)
  - [22] Rust.Platform.Common.dll(23552)
  - [23] UnityEngine.TextRenderingModule.dll(37568)
  - [24] UnityEngine.UI.dll(240640)
  - [25] Rust.Data.dll(1359872)
  - [26] Rust.Global.dll(91648)
  - [27] Facepunch.Steamworks.Win64.dll(625664)
  - [28] Facepunch.UnityEngine.dll(120832)
  - [29] Assembly-CSharp-firstpass.dll(1707008)
  - [30] Facepunch.Unity.dll(76288)
  - [31] 0Harmony.dll(2193920)
  - [32] Rust.FileSystem.dll(18944)
  - [33] Rust.Clans.dll(12288)
  - [34] Rust.Clans.Local.dll(59392)
  - [35] Rust.Localization.dll(5632)
  - [36] Rust.Platform.dll(7168)
  - [37] Rust.Platform.Steam.dll(30720)
  - [38] Rust.Workshop.dll(544256)
  - [39] Rust.World.dll(11776)
  - [40] System.Drawing.dll(481280)
  - [41] UnityEngine.AIModule.dll(57024)
  - [42] UnityEngine.AssetBundleModule.dll(31424)
  - [43] UnityEngine.GridModule.dll(23744)
  - [44] UnityEngine.ImageConversionModule.dll(22720)
  - [45] UnityEngine.PhysicsModule.dll(136896)
  - [46] UnityEngine.TerrainModule.dll(99520)
  - [47] UnityEngine.TerrainPhysicsModule.dll(19648)
  - [48] UnityEngine.UIModule.dll(35008)
  - [49] UnityEngine.UIElementsModule.dll(1533120)
  - [50] UnityEngine.UnityWebRequestAudioModule.dll(21184)
  - [51] UnityEngine.UnityWebRequestModule.dll(56512)
  - [52] UnityEngine.UnityWebRequestTextureModule.dll(20160)
  - [53] UnityEngine.UnityWebRequestWWWModule.dll(29888)
  - [54] UnityEngine.VehiclesModule.dll(22720)
  - [55] netstandard.dll(90112)
Plugin Files:
  - [1] PluginManager.cs(4268)
2025-03-12 17:17:53.935 +03:00 [DBG] Added 55 project references
2025-03-12 17:17:53.964 +03:00 [DBG] Added 1 plugins to the project
2025-03-12 17:17:54.278 +03:00 [INF] Successfully compiled 1/1 plugins for job 11 in 363ms
2025-03-12 17:17:54.278 +03:00 [DBG] Pushing job 11 back to parent
2025-03-12 17:18:54.339 +03:00 [INF] Termination request has been received from compiler stream
2025-03-12 17:18:54.608 +03:00 [INF] Termination request has been received from SIGTERM
2025-03-12 17:32:20.079 +03:00 [INF] Starting compiler v1.0.32.0. . .
2025-03-12 17:32:20.093 +03:00 [INF] Minimal logging level is set to Debug
2025-03-12 17:32:20.096 +03:00 [INF] Watching parent process ([5380] RustDedicated) for shutdown
2025-03-12 17:32:20.096 +03:00 [DBG] Started message server. . .
2025-03-12 17:32:20.097 +03:00 [INF] Message server has started
2025-03-12 17:32:22.107 +03:00 [INF] Sent ready message to parent process
2025-03-12 17:32:22.107 +03:00 [DBG] Compiler has started successfully and is awaiting jobs. . .
2025-03-12 17:32:22.267 +03:00 [DBG] Received compile job 12 | Plugins: 1, References: 55
2025-03-12 17:32:23.115 +03:00 [INF] Starting compilation of job 12 | Total Plugins: 1
2025-03-12 17:32:23.115 +03:00 [DBG] Settings[Encoding: utf-8, CSVersion: Preview, Target: DynamicallyLinkedLibrary, Platform: AnyCpu, StdLib: False, Debug: False, Preprocessor: OXIDE, OXIDEMOD, RUST, RUST_MASTER, RUST_2_0_6408, RUST_2_0_6408_MASTER, OXIDE_PUBLICIZED]
Reference Files:
  - [1] mscorlib.dll(4631552)
  - [2] Oxide.Core.dll(201728)
  - [3] Oxide.CSharp.dll(104960)
  - [4] Oxide.Common.dll(22528)
  - [5] System.dll(2639360)
  - [6] System.Core.dll(1113088)
  - [7] System.Data.dll(2081280)
  - [8] System.Xml.dll(3160064)
  - [9] Oxide.References.dll(1419264)
  - [10] Oxide.MySql.dll(20480)
  - [11] MySql.Data.dll(443392)
  - [12] Oxide.SQLite.dll(20992)
  - [13] System.Data.SQLite.dll(286720)
  - [14] Oxide.Unity.dll(10240)
  - [15] UnityEngine.dll(125120)
  - [16] Oxide.Rust.dll(98816)
  - [17] Assembly-CSharp.dll(6778368)
  - [18] Facepunch.System.dll(73216)
  - [19] Facepunch.Console.dll(24576)
  - [20] UnityEngine.CoreModule.dll(1387200)
  - [21] Facepunch.Network.dll(72192)
  - [22] Rust.Platform.Common.dll(23552)
  - [23] UnityEngine.TextRenderingModule.dll(37568)
  - [24] UnityEngine.UI.dll(240640)
  - [25] Rust.Data.dll(1359872)
  - [26] Rust.Global.dll(91648)
  - [27] Facepunch.Steamworks.Win64.dll(625664)
  - [28] Facepunch.UnityEngine.dll(120832)
  - [29] Assembly-CSharp-firstpass.dll(1707008)
  - [30] Facepunch.Unity.dll(76288)
  - [31] 0Harmony.dll(2193920)
  - [32] Rust.FileSystem.dll(18944)
  - [33] Rust.Clans.dll(12288)
  - [34] Rust.Clans.Local.dll(59392)
  - [35] Rust.Localization.dll(5632)
  - [36] Rust.Platform.dll(7168)
  - [37] Rust.Platform.Steam.dll(30720)
  - [38] Rust.Workshop.dll(544256)
  - [39] Rust.World.dll(11776)
  - [40] System.Drawing.dll(481280)
  - [41] UnityEngine.AIModule.dll(57024)
  - [42] UnityEngine.AssetBundleModule.dll(31424)
  - [43] UnityEngine.GridModule.dll(23744)
  - [44] UnityEngine.ImageConversionModule.dll(22720)
  - [45] UnityEngine.PhysicsModule.dll(136896)
  - [46] UnityEngine.TerrainModule.dll(99520)
  - [47] UnityEngine.TerrainPhysicsModule.dll(19648)
  - [48] UnityEngine.UIModule.dll(35008)
  - [49] UnityEngine.UIElementsModule.dll(1533120)
  - [50] UnityEngine.UnityWebRequestAudioModule.dll(21184)
  - [51] UnityEngine.UnityWebRequestModule.dll(56512)
  - [52] UnityEngine.UnityWebRequestTextureModule.dll(20160)
  - [53] UnityEngine.UnityWebRequestWWWModule.dll(29888)
  - [54] UnityEngine.VehiclesModule.dll(22720)
  - [55] netstandard.dll(90112)
Plugin Files:
  - [1] PluginManager.cs(5535)
2025-03-12 17:32:23.132 +03:00 [DBG] Added 55 project references
2025-03-12 17:32:23.160 +03:00 [DBG] Added 1 plugins to the project
2025-03-12 17:32:23.458 +03:00 [INF] Successfully compiled 1/1 plugins for job 12 in 343ms
2025-03-12 17:32:23.458 +03:00 [DBG] Pushing job 12 back to parent
2025-03-12 17:32:32.587 +03:00 [DBG] Received compile job 13 | Plugins: 1, References: 55
2025-03-12 17:32:33.525 +03:00 [INF] Starting compilation of job 13 | Total Plugins: 1
2025-03-12 17:32:33.525 +03:00 [DBG] Settings[Encoding: utf-8, CSVersion: Preview, Target: DynamicallyLinkedLibrary, Platform: AnyCpu, StdLib: False, Debug: False, Preprocessor: OXIDE, OXIDEMOD, RUST, RUST_MASTER, RUST_2_0_6408, RUST_2_0_6408_MASTER, OXIDE_PUBLICIZED]
Reference Files:
  - [1] mscorlib.dll(4631552)
  - [2] Oxide.Core.dll(201728)
  - [3] Oxide.CSharp.dll(104960)
  - [4] Oxide.Common.dll(22528)
  - [5] System.dll(2639360)
  - [6] System.Core.dll(1113088)
  - [7] System.Data.dll(2081280)
  - [8] System.Xml.dll(3160064)
  - [9] Oxide.References.dll(1419264)
  - [10] Oxide.MySql.dll(20480)
  - [11] MySql.Data.dll(443392)
  - [12] Oxide.SQLite.dll(20992)
  - [13] System.Data.SQLite.dll(286720)
  - [14] Oxide.Unity.dll(10240)
  - [15] UnityEngine.dll(125120)
  - [16] Oxide.Rust.dll(98816)
  - [17] Assembly-CSharp.dll(6778368)
  - [18] Facepunch.System.dll(73216)
  - [19] Facepunch.Console.dll(24576)
  - [20] UnityEngine.CoreModule.dll(1387200)
  - [21] Facepunch.Network.dll(72192)
  - [22] Rust.Platform.Common.dll(23552)
  - [23] UnityEngine.TextRenderingModule.dll(37568)
  - [24] UnityEngine.UI.dll(240640)
  - [25] Rust.Data.dll(1359872)
  - [26] Rust.Global.dll(91648)
  - [27] Facepunch.Steamworks.Win64.dll(625664)
  - [28] Facepunch.UnityEngine.dll(120832)
  - [29] Assembly-CSharp-firstpass.dll(1707008)
  - [30] Facepunch.Unity.dll(76288)
  - [31] 0Harmony.dll(2193920)
  - [32] Rust.FileSystem.dll(18944)
  - [33] Rust.Clans.dll(12288)
  - [34] Rust.Clans.Local.dll(59392)
  - [35] Rust.Localization.dll(5632)
  - [36] Rust.Platform.dll(7168)
  - [37] Rust.Platform.Steam.dll(30720)
  - [38] Rust.Workshop.dll(544256)
  - [39] Rust.World.dll(11776)
  - [40] System.Drawing.dll(481280)
  - [41] UnityEngine.AIModule.dll(57024)
  - [42] UnityEngine.AssetBundleModule.dll(31424)
  - [43] UnityEngine.GridModule.dll(23744)
  - [44] UnityEngine.ImageConversionModule.dll(22720)
  - [45] UnityEngine.PhysicsModule.dll(136896)
  - [46] UnityEngine.TerrainModule.dll(99520)
  - [47] UnityEngine.TerrainPhysicsModule.dll(19648)
  - [48] UnityEngine.UIModule.dll(35008)
  - [49] UnityEngine.UIElementsModule.dll(1533120)
  - [50] UnityEngine.UnityWebRequestAudioModule.dll(21184)
  - [51] UnityEngine.UnityWebRequestModule.dll(56512)
  - [52] UnityEngine.UnityWebRequestTextureModule.dll(20160)
  - [53] UnityEngine.UnityWebRequestWWWModule.dll(29888)
  - [54] UnityEngine.VehiclesModule.dll(22720)
  - [55] netstandard.dll(90112)
Plugin Files:
  - [1] PluginManager.cs(5531)
2025-03-12 17:32:33.531 +03:00 [DBG] Added 55 project references
2025-03-12 17:32:33.532 +03:00 [DBG] Added 1 plugins to the project
2025-03-12 17:32:33.581 +03:00 [INF] Successfully compiled 1/1 plugins for job 13 in 56ms
2025-03-12 17:32:33.581 +03:00 [DBG] Pushing job 13 back to parent
2025-03-12 17:33:33.640 +03:00 [INF] Termination request has been received from compiler stream
2025-03-12 17:33:33.875 +03:00 [INF] Termination request has been received from SIGTERM
2025-03-12 17:42:56.612 +03:00 [INF] Starting compiler v1.0.32.0. . .
2025-03-12 17:42:56.625 +03:00 [INF] Minimal logging level is set to Debug
2025-03-12 17:42:56.628 +03:00 [INF] Watching parent process ([5380] RustDedicated) for shutdown
2025-03-12 17:42:56.628 +03:00 [DBG] Started message server. . .
2025-03-12 17:42:56.629 +03:00 [INF] Message server has started
2025-03-12 17:42:58.645 +03:00 [INF] Sent ready message to parent process
2025-03-12 17:42:58.645 +03:00 [DBG] Compiler has started successfully and is awaiting jobs. . .
2025-03-12 17:42:58.807 +03:00 [DBG] Received compile job 14 | Plugins: 1, References: 55
2025-03-12 17:42:59.650 +03:00 [INF] Starting compilation of job 14 | Total Plugins: 1
2025-03-12 17:42:59.650 +03:00 [DBG] Settings[Encoding: utf-8, CSVersion: Preview, Target: DynamicallyLinkedLibrary, Platform: AnyCpu, StdLib: False, Debug: False, Preprocessor: OXIDE, OXIDEMOD, RUST, RUST_MASTER, RUST_2_0_6408, RUST_2_0_6408_MASTER, OXIDE_PUBLICIZED]
Reference Files:
  - [1] mscorlib.dll(4631552)
  - [2] Oxide.Core.dll(201728)
  - [3] Oxide.CSharp.dll(104960)
  - [4] Oxide.Common.dll(22528)
  - [5] System.dll(2639360)
  - [6] System.Core.dll(1113088)
  - [7] System.Data.dll(2081280)
  - [8] System.Xml.dll(3160064)
  - [9] Oxide.References.dll(1419264)
  - [10] Oxide.MySql.dll(20480)
  - [11] MySql.Data.dll(443392)
  - [12] Oxide.SQLite.dll(20992)
  - [13] System.Data.SQLite.dll(286720)
  - [14] Oxide.Unity.dll(10240)
  - [15] UnityEngine.dll(125120)
  - [16] Oxide.Rust.dll(98816)
  - [17] Assembly-CSharp.dll(6778368)
  - [18] Facepunch.System.dll(73216)
  - [19] Facepunch.Console.dll(24576)
  - [20] UnityEngine.CoreModule.dll(1387200)
  - [21] Facepunch.Network.dll(72192)
  - [22] Rust.Platform.Common.dll(23552)
  - [23] UnityEngine.TextRenderingModule.dll(37568)
  - [24] UnityEngine.UI.dll(240640)
  - [25] Rust.Data.dll(1359872)
  - [26] Rust.Global.dll(91648)
  - [27] Facepunch.Steamworks.Win64.dll(625664)
  - [28] Facepunch.UnityEngine.dll(120832)
  - [29] Assembly-CSharp-firstpass.dll(1707008)
  - [30] Facepunch.Unity.dll(76288)
  - [31] 0Harmony.dll(2193920)
  - [32] Rust.FileSystem.dll(18944)
  - [33] Rust.Clans.dll(12288)
  - [34] Rust.Clans.Local.dll(59392)
  - [35] Rust.Localization.dll(5632)
  - [36] Rust.Platform.dll(7168)
  - [37] Rust.Platform.Steam.dll(30720)
  - [38] Rust.Workshop.dll(544256)
  - [39] Rust.World.dll(11776)
  - [40] System.Drawing.dll(481280)
  - [41] UnityEngine.AIModule.dll(57024)
  - [42] UnityEngine.AssetBundleModule.dll(31424)
  - [43] UnityEngine.GridModule.dll(23744)
  - [44] UnityEngine.ImageConversionModule.dll(22720)
  - [45] UnityEngine.PhysicsModule.dll(136896)
  - [46] UnityEngine.TerrainModule.dll(99520)
  - [47] UnityEngine.TerrainPhysicsModule.dll(19648)
  - [48] UnityEngine.UIModule.dll(35008)
  - [49] UnityEngine.UIElementsModule.dll(1533120)
  - [50] UnityEngine.UnityWebRequestAudioModule.dll(21184)
  - [51] UnityEngine.UnityWebRequestModule.dll(56512)
  - [52] UnityEngine.UnityWebRequestTextureModule.dll(20160)
  - [53] UnityEngine.UnityWebRequestWWWModule.dll(29888)
  - [54] UnityEngine.VehiclesModule.dll(22720)
  - [55] netstandard.dll(90112)
Plugin Files:
  - [1] PluginManager.cs(5337)
2025-03-12 17:42:59.668 +03:00 [DBG] Added 55 project references
2025-03-12 17:42:59.697 +03:00 [DBG] Added 1 plugins to the project
2025-03-12 17:42:59.990 +03:00 [INF] Successfully compiled 1/1 plugins for job 14 in 340ms
2025-03-12 17:42:59.990 +03:00 [DBG] Pushing job 14 back to parent
2025-03-12 17:44:00.013 +03:00 [INF] Termination request has been received from compiler stream
2025-03-12 17:44:00.347 +03:00 [INF] Termination request has been received from SIGTERM
2025-03-12 17:51:45.780 +03:00 [INF] Starting compiler v1.0.32.0. . .
2025-03-12 17:51:45.791 +03:00 [INF] Minimal logging level is set to Debug
2025-03-12 17:51:45.794 +03:00 [INF] Watching parent process ([5380] RustDedicated) for shutdown
2025-03-12 17:51:45.795 +03:00 [DBG] Started message server. . .
2025-03-12 17:51:45.795 +03:00 [INF] Message server has started
2025-03-12 17:51:47.799 +03:00 [INF] Sent ready message to parent process
2025-03-12 17:51:47.800 +03:00 [DBG] Compiler has started successfully and is awaiting jobs. . .
2025-03-12 17:51:47.847 +03:00 [DBG] Received compile job 15 | Plugins: 1, References: 55
2025-03-12 17:51:48.805 +03:00 [INF] Starting compilation of job 15 | Total Plugins: 1
2025-03-12 17:51:48.805 +03:00 [DBG] Settings[Encoding: utf-8, CSVersion: Preview, Target: DynamicallyLinkedLibrary, Platform: AnyCpu, StdLib: False, Debug: False, Preprocessor: OXIDE, OXIDEMOD, RUST, RUST_MASTER, RUST_2_0_6408, RUST_2_0_6408_MASTER, OXIDE_PUBLICIZED]
Reference Files:
  - [1] mscorlib.dll(4631552)
  - [2] Oxide.Core.dll(201728)
  - [3] Oxide.CSharp.dll(104960)
  - [4] Oxide.Common.dll(22528)
  - [5] System.dll(2639360)
  - [6] System.Core.dll(1113088)
  - [7] System.Data.dll(2081280)
  - [8] System.Xml.dll(3160064)
  - [9] Oxide.References.dll(1419264)
  - [10] Oxide.MySql.dll(20480)
  - [11] MySql.Data.dll(443392)
  - [12] Oxide.SQLite.dll(20992)
  - [13] System.Data.SQLite.dll(286720)
  - [14] Oxide.Unity.dll(10240)
  - [15] UnityEngine.dll(125120)
  - [16] Oxide.Rust.dll(98816)
  - [17] Assembly-CSharp.dll(6778368)
  - [18] Facepunch.System.dll(73216)
  - [19] Facepunch.Console.dll(24576)
  - [20] UnityEngine.CoreModule.dll(1387200)
  - [21] Facepunch.Network.dll(72192)
  - [22] Rust.Platform.Common.dll(23552)
  - [23] UnityEngine.TextRenderingModule.dll(37568)
  - [24] UnityEngine.UI.dll(240640)
  - [25] Rust.Data.dll(1359872)
  - [26] Rust.Global.dll(91648)
  - [27] Facepunch.Steamworks.Win64.dll(625664)
  - [28] Facepunch.UnityEngine.dll(120832)
  - [29] Assembly-CSharp-firstpass.dll(1707008)
  - [30] Facepunch.Unity.dll(76288)
  - [31] 0Harmony.dll(2193920)
  - [32] Rust.FileSystem.dll(18944)
  - [33] Rust.Clans.dll(12288)
  - [34] Rust.Clans.Local.dll(59392)
  - [35] Rust.Localization.dll(5632)
  - [36] Rust.Platform.dll(7168)
  - [37] Rust.Platform.Steam.dll(30720)
  - [38] Rust.Workshop.dll(544256)
  - [39] Rust.World.dll(11776)
  - [40] System.Drawing.dll(481280)
  - [41] UnityEngine.AIModule.dll(57024)
  - [42] UnityEngine.AssetBundleModule.dll(31424)
  - [43] UnityEngine.GridModule.dll(23744)
  - [44] UnityEngine.ImageConversionModule.dll(22720)
  - [45] UnityEngine.PhysicsModule.dll(136896)
  - [46] UnityEngine.TerrainModule.dll(99520)
  - [47] UnityEngine.TerrainPhysicsModule.dll(19648)
  - [48] UnityEngine.UIModule.dll(35008)
  - [49] UnityEngine.UIElementsModule.dll(1533120)
  - [50] UnityEngine.UnityWebRequestAudioModule.dll(21184)
  - [51] UnityEngine.UnityWebRequestModule.dll(56512)
  - [52] UnityEngine.UnityWebRequestTextureModule.dll(20160)
  - [53] UnityEngine.UnityWebRequestWWWModule.dll(29888)
  - [54] UnityEngine.VehiclesModule.dll(22720)
  - [55] netstandard.dll(90112)
Plugin Files:
  - [1] PluginManager.cs(5341)
2025-03-12 17:51:48.821 +03:00 [DBG] Added 55 project references
2025-03-12 17:51:48.850 +03:00 [DBG] Added 1 plugins to the project
2025-03-12 17:51:49.162 +03:00 [INF] Successfully compiled 1/1 plugins for job 15 in 357ms
2025-03-12 17:51:49.162 +03:00 [DBG] Pushing job 15 back to parent
2025-03-12 17:51:58.425 +03:00 [DBG] Received compile job 16 | Plugins: 1, References: 55
2025-03-12 17:51:59.225 +03:00 [INF] Starting compilation of job 16 | Total Plugins: 1
2025-03-12 17:51:59.225 +03:00 [DBG] Settings[Encoding: utf-8, CSVersion: Preview, Target: DynamicallyLinkedLibrary, Platform: AnyCpu, StdLib: False, Debug: False, Preprocessor: OXIDE, OXIDEMOD, RUST, RUST_MASTER, RUST_2_0_6408, RUST_2_0_6408_MASTER, OXIDE_PUBLICIZED]
Reference Files:
  - [1] mscorlib.dll(4631552)
  - [2] Oxide.Core.dll(201728)
  - [3] Oxide.CSharp.dll(104960)
  - [4] Oxide.Common.dll(22528)
  - [5] System.dll(2639360)
  - [6] System.Core.dll(1113088)
  - [7] System.Data.dll(2081280)
  - [8] System.Xml.dll(3160064)
  - [9] Oxide.References.dll(1419264)
  - [10] Oxide.MySql.dll(20480)
  - [11] MySql.Data.dll(443392)
  - [12] Oxide.SQLite.dll(20992)
  - [13] System.Data.SQLite.dll(286720)
  - [14] Oxide.Unity.dll(10240)
  - [15] UnityEngine.dll(125120)
  - [16] Oxide.Rust.dll(98816)
  - [17] Assembly-CSharp.dll(6778368)
  - [18] Facepunch.System.dll(73216)
  - [19] Facepunch.Console.dll(24576)
  - [20] UnityEngine.CoreModule.dll(1387200)
  - [21] Facepunch.Network.dll(72192)
  - [22] Rust.Platform.Common.dll(23552)
  - [23] UnityEngine.TextRenderingModule.dll(37568)
  - [24] UnityEngine.UI.dll(240640)
  - [25] Rust.Data.dll(1359872)
  - [26] Rust.Global.dll(91648)
  - [27] Facepunch.Steamworks.Win64.dll(625664)
  - [28] Facepunch.UnityEngine.dll(120832)
  - [29] Assembly-CSharp-firstpass.dll(1707008)
  - [30] Facepunch.Unity.dll(76288)
  - [31] 0Harmony.dll(2193920)
  - [32] Rust.FileSystem.dll(18944)
  - [33] Rust.Clans.dll(12288)
  - [34] Rust.Clans.Local.dll(59392)
  - [35] Rust.Localization.dll(5632)
  - [36] Rust.Platform.dll(7168)
  - [37] Rust.Platform.Steam.dll(30720)
  - [38] Rust.Workshop.dll(544256)
  - [39] Rust.World.dll(11776)
  - [40] System.Drawing.dll(481280)
  - [41] UnityEngine.AIModule.dll(57024)
  - [42] UnityEngine.AssetBundleModule.dll(31424)
  - [43] UnityEngine.GridModule.dll(23744)
  - [44] UnityEngine.ImageConversionModule.dll(22720)
  - [45] UnityEngine.PhysicsModule.dll(136896)
  - [46] UnityEngine.TerrainModule.dll(99520)
  - [47] UnityEngine.TerrainPhysicsModule.dll(19648)
  - [48] UnityEngine.UIModule.dll(35008)
  - [49] UnityEngine.UIElementsModule.dll(1533120)
  - [50] UnityEngine.UnityWebRequestAudioModule.dll(21184)
  - [51] UnityEngine.UnityWebRequestModule.dll(56512)
  - [52] UnityEngine.UnityWebRequestTextureModule.dll(20160)
  - [53] UnityEngine.UnityWebRequestWWWModule.dll(29888)
  - [54] UnityEngine.VehiclesModule.dll(22720)
  - [55] netstandard.dll(90112)
Plugin Files:
  - [1] PluginManager.cs(5337)
2025-03-12 17:51:59.231 +03:00 [DBG] Added 55 project references
2025-03-12 17:51:59.232 +03:00 [DBG] Added 1 plugins to the project
2025-03-12 17:51:59.284 +03:00 [INF] Successfully compiled 1/1 plugins for job 16 in 58ms
2025-03-12 17:51:59.284 +03:00 [DBG] Pushing job 16 back to parent
2025-03-12 17:52:59.329 +03:00 [INF] Termination request has been received from compiler stream
2025-03-12 17:52:59.578 +03:00 [INF] Termination request has been received from SIGTERM
2025-03-12 18:07:39.324 +03:00 [INF] Starting compiler v1.0.32.0. . .
2025-03-12 18:07:39.336 +03:00 [INF] Minimal logging level is set to Debug
2025-03-12 18:07:39.339 +03:00 [INF] Watching parent process ([3308] RustDedicated) for shutdown
2025-03-12 18:07:39.339 +03:00 [DBG] Started message server. . .
2025-03-12 18:07:39.340 +03:00 [INF] Message server has started
2025-03-12 18:07:41.353 +03:00 [INF] Sent ready message to parent process
2025-03-12 18:07:41.353 +03:00 [DBG] Compiler has started successfully and is awaiting jobs. . .
2025-03-12 18:07:41.442 +03:00 [DBG] Received compile job 0 | Plugins: 4, References: 55
2025-03-12 18:07:42.357 +03:00 [INF] Starting compilation of job 0 | Total Plugins: 4
2025-03-12 18:07:42.358 +03:00 [DBG] Settings[Encoding: utf-8, CSVersion: Preview, Target: DynamicallyLinkedLibrary, Platform: AnyCpu, StdLib: False, Debug: False, Preprocessor: OXIDE, OXIDEMOD, RUST, RUST_MASTER, RUST_2_0_6408, RUST_2_0_6408_MASTER, OXIDE_PUBLICIZED]
Reference Files:
  - [1] mscorlib.dll(4631552)
  - [2] Oxide.Core.dll(201728)
  - [3] Oxide.CSharp.dll(104960)
  - [4] Oxide.Common.dll(22528)
  - [5] System.dll(2639360)
  - [6] System.Core.dll(1113088)
  - [7] System.Data.dll(2081280)
  - [8] System.Xml.dll(3160064)
  - [9] Oxide.References.dll(1419264)
  - [10] Oxide.MySql.dll(20480)
  - [11] MySql.Data.dll(443392)
  - [12] Oxide.SQLite.dll(20992)
  - [13] System.Data.SQLite.dll(286720)
  - [14] Oxide.Unity.dll(10240)
  - [15] UnityEngine.dll(125120)
  - [16] Oxide.Rust.dll(98816)
  - [17] Assembly-CSharp.dll(6778368)
  - [18] Facepunch.System.dll(73216)
  - [19] Facepunch.Console.dll(24576)
  - [20] UnityEngine.CoreModule.dll(1387200)
  - [21] Facepunch.Network.dll(72192)
  - [22] Rust.Platform.Common.dll(23552)
  - [23] UnityEngine.TextRenderingModule.dll(37568)
  - [24] UnityEngine.UI.dll(240640)
  - [25] Rust.Data.dll(1359872)
  - [26] Rust.Global.dll(91648)
  - [27] Facepunch.Steamworks.Win64.dll(625664)
  - [28] Facepunch.UnityEngine.dll(120832)
  - [29] Assembly-CSharp-firstpass.dll(1707008)
  - [30] Facepunch.Unity.dll(76288)
  - [31] 0Harmony.dll(2193920)
  - [32] Rust.FileSystem.dll(18944)
  - [33] Rust.Clans.dll(12288)
  - [34] Rust.Clans.Local.dll(59392)
  - [35] Rust.Localization.dll(5632)
  - [36] Rust.Platform.dll(7168)
  - [37] Rust.Platform.Steam.dll(30720)
  - [38] Rust.Workshop.dll(544256)
  - [39] Rust.World.dll(11776)
  - [40] System.Drawing.dll(481280)
  - [41] UnityEngine.AIModule.dll(57024)
  - [42] UnityEngine.AssetBundleModule.dll(31424)
  - [43] UnityEngine.GridModule.dll(23744)
  - [44] UnityEngine.ImageConversionModule.dll(22720)
  - [45] UnityEngine.PhysicsModule.dll(136896)
  - [46] UnityEngine.TerrainModule.dll(99520)
  - [47] UnityEngine.TerrainPhysicsModule.dll(19648)
  - [48] UnityEngine.UIModule.dll(35008)
  - [49] UnityEngine.UIElementsModule.dll(1533120)
  - [50] UnityEngine.UnityWebRequestAudioModule.dll(21184)
  - [51] UnityEngine.UnityWebRequestModule.dll(56512)
  - [52] UnityEngine.UnityWebRequestTextureModule.dll(20160)
  - [53] UnityEngine.UnityWebRequestWWWModule.dll(29888)
  - [54] UnityEngine.VehiclesModule.dll(22720)
  - [55] netstandard.dll(90112)
Plugin Files:
  - [1] CultistTrader.cs(17632)
  - [2] NpcSpawn.cs(135037)
  - [3] PluginManager.cs(5337)
  - [4] WelcomeMessage.cs(669)
2025-03-12 18:07:42.381 +03:00 [DBG] Added 55 project references
2025-03-12 18:07:42.466 +03:00 [DBG] Added 4 plugins to the project
2025-03-12 18:07:42.951 +03:00 [INF] Successfully compiled 4/4 plugins for job 0 in 594ms
2025-03-12 18:07:42.951 +03:00 [DBG] Pushing job 0 back to parent
2025-03-12 18:08:38.023 +03:00 [INF] Termination request has been received from compiler stream
2025-03-12 18:08:38.346 +03:00 [INF] Termination request has been received from SIGTERM
