2025-03-20 22:34:02.983 +03:00 [INF] Starting compiler v1.0.32.0. . .
2025-03-20 22:34:02.994 +03:00 [INF] Minimal logging level is set to Debug
2025-03-20 22:34:02.996 +03:00 [INF] Watching parent process ([17940] RustDedicated) for shutdown
2025-03-20 22:34:02.996 +03:00 [DBG] Started message server. . .
2025-03-20 22:34:02.997 +03:00 [INF] Message server has started
2025-03-20 22:34:05.006 +03:00 [INF] Sent ready message to parent process
2025-03-20 22:34:05.006 +03:00 [DBG] Compiler has started successfully and is awaiting jobs. . .
2025-03-20 22:34:05.091 +03:00 [DBG] Received compile job 0 | Plugins: 11, References: 55
2025-03-20 22:34:06.013 +03:00 [INF] Starting compilation of job 0 | Total Plugins: 11
2025-03-20 22:34:06.014 +03:00 [DBG] Settings[Encoding: utf-8, CSVersion: Preview, Target: DynamicallyLinkedLibrary, Platform: AnyCpu, StdLib: False, Debug: False, Preprocessor: OXIDE, OXIDEMOD, RUST, RUST_MASTER, RUST_2_0_6410, RUST_2_0_6410_MASTER, OXIDE_PUBLICIZED]
Reference Files:
  - [1] mscorlib.dll(4631552)
  - [2] Oxide.Core.dll(201728)
  - [3] Oxide.CSharp.dll(104960)
  - [4] Oxide.Common.dll(22528)
  - [5] System.dll(2639360)
  - [6] System.Core.dll(1113088)
  - [7] System.Data.dll(2081280)
  - [8] System.Xml.dll(3160064)
  - [9] Oxide.References.dll(1419264)
  - [10] Oxide.MySql.dll(20480)
  - [11] MySql.Data.dll(443392)
  - [12] Oxide.SQLite.dll(20992)
  - [13] System.Data.SQLite.dll(286720)
  - [14] Oxide.Unity.dll(10240)
  - [15] UnityEngine.dll(125120)
  - [16] Oxide.Rust.dll(98816)
  - [17] Assembly-CSharp.dll(6779392)
  - [18] Facepunch.System.dll(73216)
  - [19] Facepunch.Console.dll(24576)
  - [20] UnityEngine.CoreModule.dll(1387200)
  - [21] Facepunch.Network.dll(72192)
  - [22] Rust.Platform.Common.dll(23552)
  - [23] UnityEngine.TextRenderingModule.dll(37568)
  - [24] UnityEngine.UI.dll(240640)
  - [25] Rust.Data.dll(1359872)
  - [26] Rust.Global.dll(91648)
  - [27] Facepunch.Steamworks.Win64.dll(625664)
  - [28] Facepunch.UnityEngine.dll(120832)
  - [29] Assembly-CSharp-firstpass.dll(1707008)
  - [30] Facepunch.Unity.dll(76288)
  - [31] 0Harmony.dll(2193920)
  - [32] Rust.FileSystem.dll(18944)
  - [33] Rust.Clans.dll(12288)
  - [34] Rust.Clans.Local.dll(59392)
  - [35] Rust.Localization.dll(5632)
  - [36] Rust.Platform.dll(7168)
  - [37] Rust.Platform.Steam.dll(30720)
  - [38] Rust.Workshop.dll(544256)
  - [39] Rust.World.dll(11776)
  - [40] System.Drawing.dll(481280)
  - [41] UnityEngine.AIModule.dll(57024)
  - [42] UnityEngine.AssetBundleModule.dll(31424)
  - [43] UnityEngine.GridModule.dll(23744)
  - [44] UnityEngine.ImageConversionModule.dll(22720)
  - [45] UnityEngine.PhysicsModule.dll(136896)
  - [46] UnityEngine.TerrainModule.dll(99520)
  - [47] UnityEngine.TerrainPhysicsModule.dll(19648)
  - [48] UnityEngine.UIModule.dll(35008)
  - [49] UnityEngine.UIElementsModule.dll(1533120)
  - [50] UnityEngine.UnityWebRequestAudioModule.dll(21184)
  - [51] UnityEngine.UnityWebRequestModule.dll(56512)
  - [52] UnityEngine.UnityWebRequestTextureModule.dll(20160)
  - [53] UnityEngine.UnityWebRequestWWWModule.dll(29888)
  - [54] UnityEngine.VehiclesModule.dll(22720)
  - [55] netstandard.dll(90112)
Plugin Files:
  - [1] CultistTrader.cs(14969)
  - [2] Plugin1.cs(198)
  - [3] Plugin2.cs(198)
  - [4] Plugin3.cs(198)
  - [5] Plugin4.cs(198)
  - [6] Plugin5.cs(198)
  - [7] Plugin6.cs(198)
  - [8] Plugin7.cs(198)
  - [9] Plugin8.cs(198)
  - [10] PluginManager.cs(15498)
  - [11] WelcomeMessage.cs(660)
2025-03-20 22:34:06.026 +03:00 [DBG] Added 55 project references
2025-03-20 22:34:06.051 +03:00 [DBG] Added 11 plugins to the project
2025-03-20 22:34:06.293 +03:00 [INF] Successfully compiled 11/11 plugins for job 0 in 280ms
2025-03-20 22:34:06.293 +03:00 [DBG] Pushing job 0 back to parent
2025-03-20 22:35:01.222 +03:00 [INF] Termination request has been received from compiler stream
2025-03-20 22:35:01.724 +03:00 [INF] Termination request has been received from SIGTERM
